2022-09-12 19:20:02,537:__main__:Created Employee: John Smith - John.Smith@company.com
2022-09-12 19:20:02,537:__main__:Created Employee: Jane Doe - Jane.Doe@company.com
2022-09-12 19:25:01,365:employee:Created Employee: John Smith - John.Smith@company.com
2022-09-12 19:25:01,365:employee:Created Employee: Jane Doe - Jane.Doe@company.com
2022-09-12 19:25:17,013:employee:Created Employee: John Smith - John.Smith@company.com
2022-09-12 19:25:17,013:employee:Created Employee: Jane Doe - Jane.Doe@company.com
2022-09-12 19:25:48,827:employee:Created Employee: John Smith - John.Smith@company.com
2022-09-12 19:25:48,828:employee:Created Employee: Jane Doe - Jane.Doe@company.com
2022-09-12 19:26:22,391:employee:Created Employee: John Smith - John.Smith@company.com
2022-09-12 19:26:22,391:employee:Created Employee: Jane Doe - Jane.Doe@company.com
2022-09-12 19:26:35,062:employee:Created Employee: John Smith - John.Smith@company.com
2022-09-12 19:26:35,062:employee:Created Employee: Jane Doe - Jane.Doe@company.com
2022-09-12 19:27:58,553:employee:Created Employee: John Smith - John.Smith@company.com
2022-09-12 19:27:58,553:employee:Created Employee: Jane Doe - Jane.Doe@company.com
2022-09-12 19:29:04,827:employee:Created Employee: John Smith - John.Smith@company.com
2022-09-12 19:29:04,827:employee:Created Employee: Jane Doe - Jane.Doe@company.com
2022-09-12 19:31:28,728:employee:Created Employee: John Smith - John.Smith@company.com
2022-09-12 19:31:28,729:employee:Created Employee: Jane Doe - Jane.Doe@company.com
2022-09-12 19:31:50,976:employee:Created Employee: John Smith - John.Smith@company.com
2022-09-12 19:31:50,976:employee:Created Employee: Jane Doe - Jane.Doe@company.com
2022-09-13 10:34:49,572:employee:Created Employee: John Smith - John.Smith@company.com
2022-09-13 10:34:49,573:employee:Created Employee: Jane Doe - Jane.Doe@company.com
2022-09-13 10:34:51,949:employee:Created Employee: John Smith - John.Smith@company.com
2022-09-13 10:34:51,949:employee:Created Employee: Jane Doe - Jane.Doe@company.com
2022-09-13 10:34:54,772:employee:Created Employee: John Smith - John.Smith@company.com
2022-09-13 10:34:54,772:employee:Created Employee: Jane Doe - Jane.Doe@company.com
2022-09-13 10:39:28,185:employee:Created Employee: John Smith - John.Smith@company.com
2022-09-13 10:39:28,186:employee:Created Employee: Jane Doe - Jane.Doe@company.com
2022-09-13 10:39:34,835:employee:Created Employee: John Smith - John.Smith@company.com
2022-09-13 10:39:34,835:employee:Created Employee: Jane Doe - Jane.Doe@company.com
2022-09-13 10:39:37,134:employee:Created Employee: John Smith - John.Smith@company.com
2022-09-13 10:39:37,134:employee:Created Employee: Jane Doe - Jane.Doe@company.com
2022-09-13 10:39:40,123:employee:Created Employee: John Smith - John.Smith@company.com
2022-09-13 10:39:40,123:employee:Created Employee: Jane Doe - Jane.Doe@company.com
2022-09-13 10:39:41,864:employee:Created Employee: John Smith - John.Smith@company.com
2022-09-13 10:39:41,865:employee:Created Employee: Jane Doe - Jane.Doe@company.com
2022-09-13 10:39:43,570:employee:Created Employee: John Smith - John.Smith@company.com
2022-09-13 10:39:43,570:employee:Created Employee: Jane Doe - Jane.Doe@company.com
2022-09-13 10:39:50,827:employee:Created Employee: John Smith - John.Smith@company.com
2022-09-13 10:39:50,827:employee:Created Employee: Jane Doe - Jane.Doe@company.com
2022-09-13 10:40:19,616:employee:Created Employee: John Smith - John.Smith@company.com
2022-09-13 10:40:19,617:employee:Created Employee: Jane Doe - Jane.Doe@company.com
2022-09-13 10:40:21,171:employee:Created Employee: John Smith - John.Smith@company.com
2022-09-13 10:40:21,171:employee:Created Employee: Jane Doe - Jane.Doe@company.com
2022-09-13 10:40:22,453:employee:Created Employee: John Smith - John.Smith@company.com
2022-09-13 10:40:22,454:employee:Created Employee: Jane Doe - Jane.Doe@company.com
2022-09-13 10:40:41,673:employee:Created Employee: John Smith - John.Smith@company.com
2022-09-13 10:40:41,673:employee:Created Employee: Jane Doe - Jane.Doe@company.com
2022-09-13 10:40:43,268:employee:Created Employee: John Smith - John.Smith@company.com
2022-09-13 10:40:43,268:employee:Created Employee: Jane Doe - Jane.Doe@company.com
2022-09-13 10:40:45,273:employee:Created Employee: John Smith - John.Smith@company.com
2022-09-13 10:40:45,274:employee:Created Employee: Jane Doe - Jane.Doe@company.com
2022-09-13 10:40:47,169:employee:Created Employee: John Smith - John.Smith@company.com
2022-09-13 10:40:47,169:employee:Created Employee: Jane Doe - Jane.Doe@company.com
2022-09-13 10:42:17,170:employee:Created Employee: John Smith - John.Smith@company.com
2022-09-13 10:42:17,171:employee:Created Employee: Jane Doe - Jane.Doe@company.com
2022-09-13 10:42:19,882:employee:Created Employee: John Smith - John.Smith@company.com
2022-09-13 10:42:19,882:employee:Created Employee: Jane Doe - Jane.Doe@company.com
2022-09-13 10:42:37,677:employee:Created Employee: John Smith - John.Smith@company.com
2022-09-13 10:42:37,677:employee:Created Employee: Jane Doe - Jane.Doe@company.com
2022-09-13 10:42:41,774:employee:Created Employee: John Smith - John.Smith@company.com
2022-09-13 10:42:41,774:employee:Created Employee: Jane Doe - Jane.Doe@company.com
2022-09-13 10:43:09,149:employee:Created Employee: John Smith - John.Smith@company.com
2022-09-13 10:43:09,149:employee:Created Employee: Jane Doe - Jane.Doe@company.com
2022-09-13 10:43:12,671:employee:Created Employee: John Smith - John.Smith@company.com
2022-09-13 10:43:12,671:employee:Created Employee: Jane Doe - Jane.Doe@company.com
2022-09-13 10:43:28,815:employee:Created Employee: John Smith - John.Smith@company.com
2022-09-13 10:43:28,815:employee:Created Employee: Jane Doe - Jane.Doe@company.com
2022-09-13 10:43:37,127:employee:Created Employee: John Smith - John.Smith@company.com
2022-09-13 10:43:37,128:employee:Created Employee: Jane Doe - Jane.Doe@company.com
2022-09-13 10:44:10,560:employee:Created Employee: John Smith - John.Smith@company.com
2022-09-13 10:44:10,560:employee:Created Employee: Jane Doe - Jane.Doe@company.com
2022-09-13 10:44:12,429:employee:Created Employee: John Smith - John.Smith@company.com
2022-09-13 10:44:12,429:employee:Created Employee: Jane Doe - Jane.Doe@company.com
2022-09-13 10:44:29,514:employee:Created Employee: John Smith - John.Smith@company.com
2022-09-13 10:44:29,515:employee:Created Employee: Jane Doe - Jane.Doe@company.com
2022-09-13 10:44:32,855:employee:Created Employee: John Smith - John.Smith@company.com
2022-09-13 10:44:32,855:employee:Created Employee: Jane Doe - Jane.Doe@company.com
2022-09-13 10:44:35,088:employee:Created Employee: John Smith - John.Smith@company.com
2022-09-13 10:44:35,088:employee:Created Employee: Jane Doe - Jane.Doe@company.com
2022-09-13 10:44:37,405:employee:Created Employee: John Smith - John.Smith@company.com
2022-09-13 10:44:37,405:employee:Created Employee: Jane Doe - Jane.Doe@company.com
2022-09-13 10:44:38,852:employee:Created Employee: John Smith - John.Smith@company.com
2022-09-13 10:44:38,852:employee:Created Employee: Jane Doe - Jane.Doe@company.com
2022-09-13 10:44:42,184:employee:Created Employee: John Smith - John.Smith@company.com
2022-09-13 10:44:42,185:employee:Created Employee: Jane Doe - Jane.Doe@company.com
2022-09-13 10:44:43,731:employee:Created Employee: John Smith - John.Smith@company.com
2022-09-13 10:44:43,731:employee:Created Employee: Jane Doe - Jane.Doe@company.com
2022-09-13 10:44:43,732:employee:Created Employee: John Smith - John.Smith@company.com
2022-09-13 10:44:43,732:employee:Created Employee: Jane Doe - Jane.Doe@company.com
2022-09-13 10:45:09,773:employee:Created Employee: John Smith - John.Smith@company.com
2022-09-13 10:45:09,773:employee:Created Employee: Jane Doe - Jane.Doe@company.com
2022-09-13 10:45:13,130:employee:Created Employee: John Smith - John.Smith@company.com
2022-09-13 10:45:13,130:employee:Created Employee: Jane Doe - Jane.Doe@company.com
2022-09-13 10:45:15,005:employee:Created Employee: John Smith - John.Smith@company.com
2022-09-13 10:45:15,005:employee:Created Employee: Jane Doe - Jane.Doe@company.com
2022-09-13 10:45:16,813:employee:Created Employee: John Smith - John.Smith@company.com
2022-09-13 10:45:16,813:employee:Created Employee: Jane Doe - Jane.Doe@company.com
2022-09-13 10:45:16,813:employee:Created Employee: John Smith - John.Smith@company.com
2022-09-13 10:45:16,813:employee:Created Employee: Jane Doe - Jane.Doe@company.com
2022-09-13 10:45:21,213:employee:Created Employee: John Smith - John.Smith@company.com
2022-09-13 10:45:21,213:employee:Created Employee: Jane Doe - Jane.Doe@company.com
2022-09-13 10:45:21,213:employee:Created Employee: John Smith - John.Smith@company.com
2022-09-13 10:45:21,213:employee:Created Employee: Jane Doe - Jane.Doe@company.com
2022-09-13 10:45:21,214:employee:Created Employee: John Smith - John.Smith@company.com
2022-09-13 10:45:21,214:employee:Created Employee: Jane Doe - Jane.Doe@company.com
2022-09-13 10:45:21,214:employee:Created Employee: John Smith - John.Smith@company.com
2022-09-13 10:45:21,214:employee:Created Employee: Jane Doe - Jane.Doe@company.com
2022-09-13 10:46:33,619:employee:Created Employee: John Smith - John.Smith@company.com
2022-09-13 10:46:33,620:employee:Created Employee: Jane Doe - Jane.Doe@company.com
2022-09-13 10:46:33,620:employee:Created Employee: John Smith - John.Smith@company.com
2022-09-13 10:46:33,620:employee:Created Employee: Jane Doe - Jane.Doe@company.com
2022-09-13 10:46:33,620:employee:Created Employee: John Smith - John.Smith@company.com
2022-09-13 10:46:33,620:employee:Created Employee: Jane Doe - Jane.Doe@company.com
2022-09-13 10:46:33,620:employee:Created Employee: John Smith - John.Smith@company.com
2022-09-13 10:46:33,620:employee:Created Employee: Jane Doe - Jane.Doe@company.com
2022-09-13 10:47:18,534:employee:Created Employee: John Smith - John.Smith@company.com
2022-09-13 10:47:18,535:employee:Created Employee: Jane Doe - Jane.Doe@company.com
2022-09-13 10:47:21,744:employee:Created Employee: John Smith - John.Smith@company.com
2022-09-13 10:47:21,744:employee:Created Employee: Jane Doe - Jane.Doe@company.com
2022-09-13 10:47:25,107:employee:Created Employee: John Smith - John.Smith@company.com
2022-09-13 10:47:25,108:employee:Created Employee: Jane Doe - Jane.Doe@company.com
2022-09-13 10:47:27,601:employee:Created Employee: John Smith - John.Smith@company.com
2022-09-13 10:47:27,601:employee:Created Employee: Jane Doe - Jane.Doe@company.com
2022-09-13 10:47:27,601:employee:Created Employee: John Smith - John.Smith@company.com
2022-09-13 10:47:27,601:employee:Created Employee: Jane Doe - Jane.Doe@company.com
2022-09-13 10:47:27,601:employee:Created Employee: John Smith - John.Smith@company.com
2022-09-13 10:47:27,601:employee:Created Employee: Jane Doe - Jane.Doe@company.com
2022-09-13 10:47:27,601:employee:Created Employee: John Smith - John.Smith@company.com
2022-09-13 10:47:27,601:employee:Created Employee: Jane Doe - Jane.Doe@company.com
2022-09-13 10:47:53,226:employee:Created Employee: John Smith - John.Smith@company.com
2022-09-13 10:47:53,226:employee:Created Employee: Jane Doe - Jane.Doe@company.com
2022-09-13 10:47:54,581:employee:Created Employee: John Smith - John.Smith@company.com
2022-09-13 10:47:54,581:employee:Created Employee: Jane Doe - Jane.Doe@company.com
2022-09-13 10:47:57,401:employee:Created Employee: John Smith - John.Smith@company.com
2022-09-13 10:47:57,401:employee:Created Employee: Jane Doe - Jane.Doe@company.com
2022-09-13 10:48:00,741:employee:Created Employee: John Smith - John.Smith@company.com
2022-09-13 10:48:00,741:employee:Created Employee: Jane Doe - Jane.Doe@company.com
2022-09-13 10:48:00,741:employee:Created Employee: John Smith - John.Smith@company.com
2022-09-13 10:48:00,741:employee:Created Employee: Jane Doe - Jane.Doe@company.com
2022-09-13 10:48:00,741:employee:Created Employee: John Smith - John.Smith@company.com
2022-09-13 10:48:00,741:employee:Created Employee: Jane Doe - Jane.Doe@company.com
2022-09-13 10:48:00,742:employee:Created Employee: John Smith - John.Smith@company.com
2022-09-13 10:48:00,742:employee:Created Employee: Jane Doe - Jane.Doe@company.com
2022-09-13 10:55:50,888:employee:Created Employee: John Smith - John.Smith@company.com
2022-09-13 10:55:50,889:employee:Created Employee: Jane Doe - Jane.Doe@company.com
2022-09-13 10:55:55,287:employee:Created Employee: John Smith - John.Smith@company.com
2022-09-13 10:55:55,287:employee:Created Employee: Jane Doe - Jane.Doe@company.com
2022-09-13 10:56:38,464:employee:Created Employee: John Smith - John.Smith@company.com
2022-09-13 10:56:38,464:employee:Created Employee: Jane Doe - Jane.Doe@company.com
2022-09-13 11:26:18,024:employee:Created Employee: John Smith - John.Smith@company.com
2022-09-13 11:26:18,024:employee:Created Employee: Jane Doe - Jane.Doe@company.com
2022-09-13 11:27:10,250:employee:Created Employee: John Smith - John.Smith@company.com
2022-09-13 11:27:10,250:employee:Created Employee: Jane Doe - Jane.Doe@company.com
2022-09-13 11:27:13,944:employee:Created Employee: John Smith - John.Smith@company.com
2022-09-13 11:27:13,944:employee:Created Employee: Jane Doe - Jane.Doe@company.com
2022-09-13 11:27:16,233:employee:Created Employee: John Smith - John.Smith@company.com
2022-09-13 11:27:16,233:employee:Created Employee: Jane Doe - Jane.Doe@company.com
2022-09-13 11:27:18,453:employee:Created Employee: John Smith - John.Smith@company.com
2022-09-13 11:27:18,453:employee:Created Employee: Jane Doe - Jane.Doe@company.com
2022-09-13 11:27:20,073:employee:Created Employee: John Smith - John.Smith@company.com
2022-09-13 11:27:20,073:employee:Created Employee: Jane Doe - Jane.Doe@company.com
2022-09-13 11:27:21,712:employee:Created Employee: John Smith - John.Smith@company.com
2022-09-13 11:27:21,712:employee:Created Employee: Jane Doe - Jane.Doe@company.com
2022-09-13 11:27:23,797:employee:Created Employee: John Smith - John.Smith@company.com
2022-09-13 11:27:23,797:employee:Created Employee: Jane Doe - Jane.Doe@company.com
2022-09-13 11:27:26,121:employee:Created Employee: John Smith - John.Smith@company.com
2022-09-13 11:27:26,123:employee:Created Employee: Jane Doe - Jane.Doe@company.com
2022-09-13 11:27:31,530:employee:Created Employee: John Smith - John.Smith@company.com
2022-09-13 11:27:31,531:employee:Created Employee: Jane Doe - Jane.Doe@company.com
2022-09-13 11:27:34,599:employee:Created Employee: John Smith - John.Smith@company.com
2022-09-13 11:27:34,599:employee:Created Employee: Jane Doe - Jane.Doe@company.com
2022-09-13 11:27:36,915:employee:Created Employee: John Smith - John.Smith@company.com
2022-09-13 11:27:36,915:employee:Created Employee: Jane Doe - Jane.Doe@company.com
2022-09-13 11:27:38,357:employee:Created Employee: John Smith - John.Smith@company.com
2022-09-13 11:27:38,357:employee:Created Employee: Jane Doe - Jane.Doe@company.com
2022-09-13 11:27:40,010:employee:Created Employee: John Smith - John.Smith@company.com
2022-09-13 11:27:40,011:employee:Created Employee: Jane Doe - Jane.Doe@company.com
2022-09-13 11:27:42,617:employee:Created Employee: John Smith - John.Smith@company.com
2022-09-13 11:27:42,617:employee:Created Employee: Jane Doe - Jane.Doe@company.com
2022-09-13 11:27:47,462:employee:Created Employee: John Smith - John.Smith@company.com
2022-09-13 11:27:47,462:employee:Created Employee: Jane Doe - Jane.Doe@company.com
2022-09-13 11:27:50,161:employee:Created Employee: John Smith - John.Smith@company.com
2022-09-13 11:27:50,162:employee:Created Employee: Jane Doe - Jane.Doe@company.com
2022-09-13 11:27:51,562:employee:Created Employee: John Smith - John.Smith@company.com
2022-09-13 11:27:51,562:employee:Created Employee: Jane Doe - Jane.Doe@company.com
2022-09-13 11:27:53,256:employee:Created Employee: John Smith - John.Smith@company.com
2022-09-13 11:27:53,257:employee:Created Employee: Jane Doe - Jane.Doe@company.com
2022-09-13 11:27:55,620:employee:Created Employee: John Smith - John.Smith@company.com
2022-09-13 11:27:55,621:employee:Created Employee: Jane Doe - Jane.Doe@company.com
2022-09-13 11:27:57,852:employee:Created Employee: John Smith - John.Smith@company.com
2022-09-13 11:27:57,852:employee:Created Employee: Jane Doe - Jane.Doe@company.com
2022-09-13 11:28:00,412:employee:Created Employee: John Smith - John.Smith@company.com
2022-09-13 11:28:00,412:employee:Created Employee: Jane Doe - Jane.Doe@company.com
2022-09-13 11:28:03,150:employee:Created Employee: John Smith - John.Smith@company.com
2022-09-13 11:28:03,150:employee:Created Employee: Jane Doe - Jane.Doe@company.com
2022-09-13 11:28:05,454:employee:Created Employee: John Smith - John.Smith@company.com
2022-09-13 11:28:05,454:employee:Created Employee: Jane Doe - Jane.Doe@company.com
2022-09-13 11:28:08,046:employee:Created Employee: John Smith - John.Smith@company.com
2022-09-13 11:28:08,047:employee:Created Employee: Jane Doe - Jane.Doe@company.com
2022-09-13 11:28:09,960:employee:Created Employee: John Smith - John.Smith@company.com
2022-09-13 11:28:09,960:employee:Created Employee: Jane Doe - Jane.Doe@company.com
2022-09-13 11:28:11,676:employee:Created Employee: John Smith - John.Smith@company.com
2022-09-13 11:28:11,676:employee:Created Employee: Jane Doe - Jane.Doe@company.com
2022-09-13 11:28:13,037:employee:Created Employee: John Smith - John.Smith@company.com
2022-09-13 11:28:13,037:employee:Created Employee: Jane Doe - Jane.Doe@company.com
2022-09-13 11:28:14,895:employee:Created Employee: John Smith - John.Smith@company.com
2022-09-13 11:28:14,895:employee:Created Employee: Jane Doe - Jane.Doe@company.com
2022-09-13 11:28:16,246:employee:Created Employee: John Smith - John.Smith@company.com
2022-09-13 11:28:16,246:employee:Created Employee: Jane Doe - Jane.Doe@company.com
2022-09-13 11:28:17,982:employee:Created Employee: John Smith - John.Smith@company.com
2022-09-13 11:28:17,982:employee:Created Employee: Jane Doe - Jane.Doe@company.com
2022-09-13 11:28:20,278:employee:Created Employee: John Smith - John.Smith@company.com
2022-09-13 11:28:20,278:employee:Created Employee: Jane Doe - Jane.Doe@company.com
2022-09-13 11:28:23,520:employee:Created Employee: John Smith - John.Smith@company.com
2022-09-13 11:28:23,520:employee:Created Employee: Jane Doe - Jane.Doe@company.com
2022-09-13 11:28:33,295:employee:Created Employee: John Smith - John.Smith@company.com
2022-09-13 11:28:33,297:employee:Created Employee: Jane Doe - Jane.Doe@company.com
2022-09-13 11:28:35,750:employee:Created Employee: John Smith - John.Smith@company.com
2022-09-13 11:28:35,750:employee:Created Employee: Jane Doe - Jane.Doe@company.com
2022-09-13 11:28:39,342:employee:Created Employee: John Smith - John.Smith@company.com
2022-09-13 11:28:39,343:employee:Created Employee: Jane Doe - Jane.Doe@company.com
2022-09-13 11:28:41,357:employee:Created Employee: John Smith - John.Smith@company.com
2022-09-13 11:28:41,357:employee:Created Employee: Jane Doe - Jane.Doe@company.com
2022-09-13 11:28:43,509:employee:Created Employee: John Smith - John.Smith@company.com
2022-09-13 11:28:43,509:employee:Created Employee: Jane Doe - Jane.Doe@company.com
2022-09-13 11:28:46,363:employee:Created Employee: John Smith - John.Smith@company.com
2022-09-13 11:28:46,364:employee:Created Employee: Jane Doe - Jane.Doe@company.com
2022-09-13 11:28:58,265:employee:Created Employee: John Smith - John.Smith@company.com
2022-09-13 11:28:58,265:employee:Created Employee: Jane Doe - Jane.Doe@company.com
2022-09-13 11:28:59,682:employee:Created Employee: John Smith - John.Smith@company.com
2022-09-13 11:28:59,682:employee:Created Employee: Jane Doe - Jane.Doe@company.com
2022-09-13 11:29:01,758:employee:Created Employee: John Smith - John.Smith@company.com
2022-09-13 11:29:01,758:employee:Created Employee: Jane Doe - Jane.Doe@company.com
2022-09-13 11:29:06,094:employee:Created Employee: John Smith - John.Smith@company.com
2022-09-13 11:29:06,095:employee:Created Employee: Jane Doe - Jane.Doe@company.com
2022-09-13 11:29:11,858:employee:Created Employee: John Smith - John.Smith@company.com
2022-09-13 11:29:11,858:employee:Created Employee: Jane Doe - Jane.Doe@company.com
2022-09-13 11:29:13,659:employee:Created Employee: John Smith - John.Smith@company.com
2022-09-13 11:29:13,659:employee:Created Employee: Jane Doe - Jane.Doe@company.com
2022-09-13 11:29:15,691:employee:Created Employee: John Smith - John.Smith@company.com
2022-09-13 11:29:15,691:employee:Created Employee: Jane Doe - Jane.Doe@company.com
2022-09-13 11:29:18,299:employee:Created Employee: John Smith - John.Smith@company.com
2022-09-13 11:29:18,299:employee:Created Employee: Jane Doe - Jane.Doe@company.com
2022-09-13 11:29:20,329:employee:Created Employee: John Smith - John.Smith@company.com
2022-09-13 11:29:20,329:employee:Created Employee: Jane Doe - Jane.Doe@company.com
2022-09-13 11:29:22,540:employee:Created Employee: John Smith - John.Smith@company.com
2022-09-13 11:29:22,540:employee:Created Employee: Jane Doe - Jane.Doe@company.com
2022-09-13 11:29:25,103:employee:Created Employee: John Smith - John.Smith@company.com
2022-09-13 11:29:25,104:employee:Created Employee: Jane Doe - Jane.Doe@company.com
2022-09-13 11:29:26,905:employee:Created Employee: John Smith - John.Smith@company.com
2022-09-13 11:29:26,906:employee:Created Employee: Jane Doe - Jane.Doe@company.com
2022-09-13 11:29:28,702:employee:Created Employee: John Smith - John.Smith@company.com
2022-09-13 11:29:28,702:employee:Created Employee: Jane Doe - Jane.Doe@company.com
2022-09-13 11:29:31,273:employee:Created Employee: John Smith - John.Smith@company.com
2022-09-13 11:29:31,274:employee:Created Employee: Jane Doe - Jane.Doe@company.com
2022-09-13 11:29:36,042:employee:Created Employee: John Smith - John.Smith@company.com
2022-09-13 11:29:36,042:employee:Created Employee: Jane Doe - Jane.Doe@company.com
2022-09-13 11:29:37,456:employee:Created Employee: John Smith - John.Smith@company.com
2022-09-13 11:29:37,456:employee:Created Employee: Jane Doe - Jane.Doe@company.com
2022-09-13 11:29:38,846:employee:Created Employee: John Smith - John.Smith@company.com
2022-09-13 11:29:38,847:employee:Created Employee: Jane Doe - Jane.Doe@company.com
2022-09-13 11:29:40,749:employee:Created Employee: John Smith - John.Smith@company.com
2022-09-13 11:29:40,749:employee:Created Employee: Jane Doe - Jane.Doe@company.com
2022-09-13 11:29:42,287:employee:Created Employee: John Smith - John.Smith@company.com
2022-09-13 11:29:42,287:employee:Created Employee: Jane Doe - Jane.Doe@company.com
2022-09-13 11:29:44,268:employee:Created Employee: John Smith - John.Smith@company.com
2022-09-13 11:29:44,269:employee:Created Employee: Jane Doe - Jane.Doe@company.com
2022-09-13 11:29:46,603:employee:Created Employee: John Smith - John.Smith@company.com
2022-09-13 11:29:46,603:employee:Created Employee: Jane Doe - Jane.Doe@company.com
2022-09-13 11:29:48,689:employee:Created Employee: John Smith - John.Smith@company.com
2022-09-13 11:29:48,689:employee:Created Employee: Jane Doe - Jane.Doe@company.com
2022-09-13 11:29:50,232:employee:Created Employee: John Smith - John.Smith@company.com
2022-09-13 11:29:50,239:employee:Created Employee: Jane Doe - Jane.Doe@company.com
2022-09-13 11:29:52,313:employee:Created Employee: John Smith - John.Smith@company.com
2022-09-13 11:29:52,313:employee:Created Employee: Jane Doe - Jane.Doe@company.com
2022-09-13 11:29:53,986:employee:Created Employee: John Smith - John.Smith@company.com
2022-09-13 11:29:53,986:employee:Created Employee: Jane Doe - Jane.Doe@company.com
2022-09-13 11:29:55,654:employee:Created Employee: John Smith - John.Smith@company.com
2022-09-13 11:29:55,654:employee:Created Employee: Jane Doe - Jane.Doe@company.com
2022-09-13 11:29:57,344:employee:Created Employee: John Smith - John.Smith@company.com
2022-09-13 11:29:57,348:employee:Created Employee: Jane Doe - Jane.Doe@company.com
2022-09-13 11:29:58,766:employee:Created Employee: John Smith - John.Smith@company.com
2022-09-13 11:29:58,766:employee:Created Employee: Jane Doe - Jane.Doe@company.com
2022-09-13 11:30:00,490:employee:Created Employee: John Smith - John.Smith@company.com
2022-09-13 11:30:00,490:employee:Created Employee: Jane Doe - Jane.Doe@company.com
2022-09-13 11:30:02,200:employee:Created Employee: John Smith - John.Smith@company.com
2022-09-13 11:30:02,200:employee:Created Employee: Jane Doe - Jane.Doe@company.com
2022-09-13 11:30:04,472:employee:Created Employee: John Smith - John.Smith@company.com
2022-09-13 11:30:04,472:employee:Created Employee: Jane Doe - Jane.Doe@company.com
2022-09-13 11:30:06,696:employee:Created Employee: John Smith - John.Smith@company.com
2022-09-13 11:30:06,696:employee:Created Employee: Jane Doe - Jane.Doe@company.com
2022-09-13 11:30:08,749:employee:Created Employee: John Smith - John.Smith@company.com
2022-09-13 11:30:08,749:employee:Created Employee: Jane Doe - Jane.Doe@company.com
2022-09-13 11:30:21,766:employee:Created Employee: John Smith - John.Smith@company.com
2022-09-13 11:30:21,766:employee:Created Employee: Jane Doe - Jane.Doe@company.com
2022-09-13 11:30:23,432:employee:Created Employee: John Smith - John.Smith@company.com
2022-09-13 11:30:23,433:employee:Created Employee: Jane Doe - Jane.Doe@company.com
2022-09-13 11:30:27,216:employee:Created Employee: John Smith - John.Smith@company.com
2022-09-13 11:30:27,216:employee:Created Employee: Jane Doe - Jane.Doe@company.com
2022-09-13 11:30:31,105:employee:Created Employee: John Smith - John.Smith@company.com
2022-09-13 11:30:31,105:employee:Created Employee: Jane Doe - Jane.Doe@company.com
2022-09-13 11:30:33,086:employee:Created Employee: John Smith - John.Smith@company.com
2022-09-13 11:30:33,087:employee:Created Employee: Jane Doe - Jane.Doe@company.com
2022-09-13 11:30:35,594:employee:Created Employee: John Smith - John.Smith@company.com
2022-09-13 11:30:35,594:employee:Created Employee: Jane Doe - Jane.Doe@company.com
2022-09-13 11:30:39,017:employee:Created Employee: John Smith - John.Smith@company.com
2022-09-13 11:30:39,018:employee:Created Employee: Jane Doe - Jane.Doe@company.com
2022-09-13 11:30:41,395:employee:Created Employee: John Smith - John.Smith@company.com
2022-09-13 11:30:41,395:employee:Created Employee: Jane Doe - Jane.Doe@company.com
2022-09-13 11:30:42,990:employee:Created Employee: John Smith - John.Smith@company.com
2022-09-13 11:30:42,990:employee:Created Employee: Jane Doe - Jane.Doe@company.com
2022-09-13 11:30:44,498:employee:Created Employee: John Smith - John.Smith@company.com
2022-09-13 11:30:44,498:employee:Created Employee: Jane Doe - Jane.Doe@company.com
2022-09-13 11:30:45,845:employee:Created Employee: John Smith - John.Smith@company.com
2022-09-13 11:30:45,845:employee:Created Employee: Jane Doe - Jane.Doe@company.com
2022-09-13 11:30:47,614:employee:Created Employee: John Smith - John.Smith@company.com
2022-09-13 11:30:47,615:employee:Created Employee: Jane Doe - Jane.Doe@company.com
2022-09-13 11:30:49,440:employee:Created Employee: John Smith - John.Smith@company.com
2022-09-13 11:30:49,440:employee:Created Employee: Jane Doe - Jane.Doe@company.com
2022-09-13 11:30:50,881:employee:Created Employee: John Smith - John.Smith@company.com
2022-09-13 11:30:50,881:employee:Created Employee: Jane Doe - Jane.Doe@company.com
2022-09-13 11:30:52,683:employee:Created Employee: John Smith - John.Smith@company.com
2022-09-13 11:30:52,683:employee:Created Employee: Jane Doe - Jane.Doe@company.com
2022-09-13 11:30:54,049:employee:Created Employee: John Smith - John.Smith@company.com
2022-09-13 11:30:54,049:employee:Created Employee: Jane Doe - Jane.Doe@company.com
2022-09-13 11:30:56,317:employee:Created Employee: John Smith - John.Smith@company.com
2022-09-13 11:30:56,317:employee:Created Employee: Jane Doe - Jane.Doe@company.com
2022-09-13 11:30:58,680:employee:Created Employee: John Smith - John.Smith@company.com
2022-09-13 11:30:58,680:employee:Created Employee: Jane Doe - Jane.Doe@company.com
2022-09-13 11:31:00,100:employee:Created Employee: John Smith - John.Smith@company.com
2022-09-13 11:31:00,101:employee:Created Employee: Jane Doe - Jane.Doe@company.com
2022-09-13 11:31:01,616:employee:Created Employee: John Smith - John.Smith@company.com
2022-09-13 11:31:01,616:employee:Created Employee: Jane Doe - Jane.Doe@company.com
2022-09-13 11:31:03,728:employee:Created Employee: John Smith - John.Smith@company.com
2022-09-13 11:31:03,728:employee:Created Employee: Jane Doe - Jane.Doe@company.com
2022-09-13 11:31:20,373:employee:Created Employee: John Smith - John.Smith@company.com
2022-09-13 11:31:20,373:employee:Created Employee: Jane Doe - Jane.Doe@company.com
2022-09-13 11:31:23,050:employee:Created Employee: John Smith - John.Smith@company.com
2022-09-13 11:31:23,050:employee:Created Employee: Jane Doe - Jane.Doe@company.com
2022-09-13 11:31:26,418:employee:Created Employee: John Smith - John.Smith@company.com
2022-09-13 11:31:26,419:employee:Created Employee: Jane Doe - Jane.Doe@company.com
2022-09-13 11:31:28,104:employee:Created Employee: John Smith - John.Smith@company.com
2022-09-13 11:31:28,104:employee:Created Employee: Jane Doe - Jane.Doe@company.com
2022-09-13 11:31:29,758:employee:Created Employee: John Smith - John.Smith@company.com
2022-09-13 11:31:29,758:employee:Created Employee: Jane Doe - Jane.Doe@company.com
2022-09-13 11:31:31,945:employee:Created Employee: John Smith - John.Smith@company.com
2022-09-13 11:31:31,945:employee:Created Employee: Jane Doe - Jane.Doe@company.com
2022-09-13 11:31:34,095:employee:Created Employee: John Smith - John.Smith@company.com
2022-09-13 11:31:34,095:employee:Created Employee: Jane Doe - Jane.Doe@company.com
2022-09-13 11:31:39,794:employee:Created Employee: John Smith - John.Smith@company.com
2022-09-13 11:31:39,795:employee:Created Employee: Jane Doe - Jane.Doe@company.com
2022-09-13 11:31:42,681:employee:Created Employee: John Smith - John.Smith@company.com
2022-09-13 11:31:42,681:employee:Created Employee: Jane Doe - Jane.Doe@company.com
2022-09-13 11:31:45,075:employee:Created Employee: John Smith - John.Smith@company.com
2022-09-13 11:31:45,075:employee:Created Employee: Jane Doe - Jane.Doe@company.com
2022-09-13 11:31:51,627:employee:Created Employee: John Smith - John.Smith@company.com
2022-09-13 11:31:51,628:employee:Created Employee: Jane Doe - Jane.Doe@company.com
2022-09-13 11:31:55,374:employee:Created Employee: John Smith - John.Smith@company.com
2022-09-13 11:31:55,374:employee:Created Employee: Jane Doe - Jane.Doe@company.com
2022-09-13 11:31:59,509:employee:Created Employee: John Smith - John.Smith@company.com
2022-09-13 11:31:59,509:employee:Created Employee: Jane Doe - Jane.Doe@company.com
2022-09-13 11:32:02,044:employee:Created Employee: John Smith - John.Smith@company.com
2022-09-13 11:32:02,044:employee:Created Employee: Jane Doe - Jane.Doe@company.com
2022-09-13 11:32:04,802:employee:Created Employee: John Smith - John.Smith@company.com
2022-09-13 11:32:04,802:employee:Created Employee: Jane Doe - Jane.Doe@company.com
2022-09-13 11:32:06,615:employee:Created Employee: John Smith - John.Smith@company.com
2022-09-13 11:32:06,616:employee:Created Employee: Jane Doe - Jane.Doe@company.com
2022-09-13 11:32:10,699:employee:Created Employee: John Smith - John.Smith@company.com
2022-09-13 11:32:10,699:employee:Created Employee: Jane Doe - Jane.Doe@company.com
2022-09-13 11:32:17,608:employee:Created Employee: John Smith - John.Smith@company.com
2022-09-13 11:32:17,608:employee:Created Employee: Jane Doe - Jane.Doe@company.com
2022-09-13 11:32:19,329:employee:Created Employee: John Smith - John.Smith@company.com
2022-09-13 11:32:19,329:employee:Created Employee: Jane Doe - Jane.Doe@company.com
2022-09-13 11:32:21,514:employee:Created Employee: John Smith - John.Smith@company.com
2022-09-13 11:32:21,514:employee:Created Employee: Jane Doe - Jane.Doe@company.com
2022-09-13 11:32:24,322:employee:Created Employee: John Smith - John.Smith@company.com
2022-09-13 11:32:24,323:employee:Created Employee: Jane Doe - Jane.Doe@company.com
2022-09-13 11:32:25,844:employee:Created Employee: John Smith - John.Smith@company.com
2022-09-13 11:32:25,844:employee:Created Employee: Jane Doe - Jane.Doe@company.com
2022-09-13 11:32:27,237:employee:Created Employee: John Smith - John.Smith@company.com
2022-09-13 11:32:27,237:employee:Created Employee: Jane Doe - Jane.Doe@company.com
2022-09-13 11:32:28,743:employee:Created Employee: John Smith - John.Smith@company.com
2022-09-13 11:32:28,743:employee:Created Employee: Jane Doe - Jane.Doe@company.com
2022-09-13 11:32:30,393:employee:Created Employee: John Smith - John.Smith@company.com
2022-09-13 11:32:30,394:employee:Created Employee: Jane Doe - Jane.Doe@company.com
2022-09-13 11:32:33,329:employee:Created Employee: John Smith - John.Smith@company.com
2022-09-13 11:32:33,329:employee:Created Employee: Jane Doe - Jane.Doe@company.com
2022-09-13 11:33:02,552:employee:Created Employee: John Smith - John.Smith@company.com
2022-09-13 11:33:02,552:employee:Created Employee: Jane Doe - Jane.Doe@company.com
2022-09-13 11:33:19,258:employee:Created Employee: John Smith - John.Smith@company.com
2022-09-13 11:33:19,259:employee:Created Employee: Jane Doe - Jane.Doe@company.com
2022-09-13 11:33:38,620:employee:Created Employee: John Smith - John.Smith@company.com
2022-09-13 11:33:38,621:employee:Created Employee: Jane Doe - Jane.Doe@company.com
2022-09-13 11:33:41,947:employee:Created Employee: John Smith - John.Smith@company.com
2022-09-13 11:33:41,947:employee:Created Employee: Jane Doe - Jane.Doe@company.com
2022-09-13 11:34:06,155:employee:Created Employee: John Smith - John.Smith@company.com
2022-09-13 11:34:06,156:employee:Created Employee: Jane Doe - Jane.Doe@company.com
2022-09-13 11:34:08,037:employee:Created Employee: John Smith - John.Smith@company.com
2022-09-13 11:34:08,037:employee:Created Employee: Jane Doe - Jane.Doe@company.com
2022-09-13 11:34:09,471:employee:Created Employee: John Smith - John.Smith@company.com
2022-09-13 11:34:09,472:employee:Created Employee: Jane Doe - Jane.Doe@company.com
2022-09-13 11:34:11,415:employee:Created Employee: John Smith - John.Smith@company.com
2022-09-13 11:34:11,415:employee:Created Employee: Jane Doe - Jane.Doe@company.com
2022-09-13 11:34:13,004:employee:Created Employee: John Smith - John.Smith@company.com
2022-09-13 11:34:13,004:employee:Created Employee: Jane Doe - Jane.Doe@company.com
2022-09-13 11:34:17,078:employee:Created Employee: John Smith - John.Smith@company.com
2022-09-13 11:34:17,079:employee:Created Employee: Jane Doe - Jane.Doe@company.com
2022-09-13 11:34:19,311:employee:Created Employee: John Smith - John.Smith@company.com
2022-09-13 11:34:19,311:employee:Created Employee: Jane Doe - Jane.Doe@company.com
2022-09-13 11:34:21,669:employee:Created Employee: John Smith - John.Smith@company.com
2022-09-13 11:34:21,669:employee:Created Employee: Jane Doe - Jane.Doe@company.com
2022-09-13 11:34:23,756:employee:Created Employee: John Smith - John.Smith@company.com
2022-09-13 11:34:23,757:employee:Created Employee: Jane Doe - Jane.Doe@company.com
2022-09-13 11:34:27,763:employee:Created Employee: John Smith - John.Smith@company.com
2022-09-13 11:34:27,764:employee:Created Employee: Jane Doe - Jane.Doe@company.com
2022-09-13 11:34:29,618:employee:Created Employee: John Smith - John.Smith@company.com
2022-09-13 11:34:29,620:employee:Created Employee: Jane Doe - Jane.Doe@company.com
2022-09-13 11:34:31,630:employee:Created Employee: John Smith - John.Smith@company.com
2022-09-13 11:34:31,630:employee:Created Employee: Jane Doe - Jane.Doe@company.com
2022-09-13 11:34:34,152:employee:Created Employee: John Smith - John.Smith@company.com
2022-09-13 11:34:34,153:employee:Created Employee: Jane Doe - Jane.Doe@company.com
2022-09-13 11:34:36,284:employee:Created Employee: John Smith - John.Smith@company.com
2022-09-13 11:34:36,284:employee:Created Employee: Jane Doe - Jane.Doe@company.com
2022-09-13 11:34:38,915:employee:Created Employee: John Smith - John.Smith@company.com
2022-09-13 11:34:38,915:employee:Created Employee: Jane Doe - Jane.Doe@company.com
2022-09-13 11:34:45,104:employee:Created Employee: John Smith - John.Smith@company.com
2022-09-13 11:34:45,105:employee:Created Employee: Jane Doe - Jane.Doe@company.com
2022-09-13 11:38:10,118:employee:Created Employee: John Smith - John.Smith@company.com
2022-09-13 11:38:10,119:employee:Created Employee: Jane Doe - Jane.Doe@company.com
2022-09-13 11:38:11,808:employee:Created Employee: John Smith - John.Smith@company.com
2022-09-13 11:38:11,808:employee:Created Employee: Jane Doe - Jane.Doe@company.com
2022-09-13 11:38:13,911:employee:Created Employee: John Smith - John.Smith@company.com
2022-09-13 11:38:13,911:employee:Created Employee: Jane Doe - Jane.Doe@company.com
2022-09-13 11:38:15,707:employee:Created Employee: John Smith - John.Smith@company.com
2022-09-13 11:38:15,708:employee:Created Employee: Jane Doe - Jane.Doe@company.com
2022-09-13 11:38:17,649:employee:Created Employee: John Smith - John.Smith@company.com
2022-09-13 11:38:17,649:employee:Created Employee: Jane Doe - Jane.Doe@company.com
2022-09-13 11:38:25,712:employee:Created Employee: John Smith - John.Smith@company.com
2022-09-13 11:38:25,713:employee:Created Employee: Jane Doe - Jane.Doe@company.com
2022-09-13 11:38:27,474:employee:Created Employee: John Smith - John.Smith@company.com
2022-09-13 11:38:27,475:employee:Created Employee: Jane Doe - Jane.Doe@company.com
2022-09-13 11:38:28,997:employee:Created Employee: John Smith - John.Smith@company.com
2022-09-13 11:38:28,997:employee:Created Employee: Jane Doe - Jane.Doe@company.com
2022-09-13 11:38:30,699:employee:Created Employee: John Smith - John.Smith@company.com
2022-09-13 11:38:30,699:employee:Created Employee: Jane Doe - Jane.Doe@company.com
2022-09-13 11:38:34,123:employee:Created Employee: John Smith - John.Smith@company.com
2022-09-13 11:38:34,124:employee:Created Employee: Jane Doe - Jane.Doe@company.com
2022-09-13 11:38:36,674:employee:Created Employee: John Smith - John.Smith@company.com
2022-09-13 11:38:36,674:employee:Created Employee: Jane Doe - Jane.Doe@company.com
2022-09-13 11:38:39,965:employee:Created Employee: John Smith - John.Smith@company.com
2022-09-13 11:38:39,965:employee:Created Employee: Jane Doe - Jane.Doe@company.com
2022-09-13 11:38:41,709:employee:Created Employee: John Smith - John.Smith@company.com
2022-09-13 11:38:41,709:employee:Created Employee: Jane Doe - Jane.Doe@company.com
2022-09-13 11:38:45,088:employee:Created Employee: John Smith - John.Smith@company.com
2022-09-13 11:38:45,088:employee:Created Employee: Jane Doe - Jane.Doe@company.com
2022-09-13 11:38:49,253:employee:Created Employee: John Smith - John.Smith@company.com
2022-09-13 11:38:49,254:employee:Created Employee: Jane Doe - Jane.Doe@company.com
2022-09-13 11:38:51,100:employee:Created Employee: John Smith - John.Smith@company.com
2022-09-13 11:38:51,100:employee:Created Employee: Jane Doe - Jane.Doe@company.com
2022-09-13 11:38:53,612:employee:Created Employee: John Smith - John.Smith@company.com
2022-09-13 11:38:53,612:employee:Created Employee: Jane Doe - Jane.Doe@company.com
2022-09-13 11:38:55,223:employee:Created Employee: John Smith - John.Smith@company.com
2022-09-13 11:38:55,223:employee:Created Employee: Jane Doe - Jane.Doe@company.com
2022-09-13 11:38:57,032:employee:Created Employee: John Smith - John.Smith@company.com
2022-09-13 11:38:57,032:employee:Created Employee: Jane Doe - Jane.Doe@company.com
2022-09-13 11:38:58,520:employee:Created Employee: John Smith - John.Smith@company.com
2022-09-13 11:38:58,520:employee:Created Employee: Jane Doe - Jane.Doe@company.com
2022-09-13 11:38:59,933:employee:Created Employee: John Smith - John.Smith@company.com
2022-09-13 11:38:59,933:employee:Created Employee: Jane Doe - Jane.Doe@company.com
2022-09-13 11:39:02,656:employee:Created Employee: John Smith - John.Smith@company.com
2022-09-13 11:39:02,656:employee:Created Employee: Jane Doe - Jane.Doe@company.com
2022-09-13 11:39:05,026:employee:Created Employee: John Smith - John.Smith@company.com
2022-09-13 11:39:05,027:employee:Created Employee: Jane Doe - Jane.Doe@company.com
2022-09-13 11:39:15,713:employee:Created Employee: John Smith - John.Smith@company.com
2022-09-13 11:39:15,713:employee:Created Employee: Jane Doe - Jane.Doe@company.com
2022-09-13 11:39:18,193:employee:Created Employee: John Smith - John.Smith@company.com
2022-09-13 11:39:18,193:employee:Created Employee: Jane Doe - Jane.Doe@company.com
2022-09-13 11:39:22,041:employee:Created Employee: John Smith - John.Smith@company.com
2022-09-13 11:39:22,042:employee:Created Employee: Jane Doe - Jane.Doe@company.com
2022-09-13 11:39:24,114:employee:Created Employee: John Smith - John.Smith@company.com
2022-09-13 11:39:24,115:employee:Created Employee: Jane Doe - Jane.Doe@company.com
2022-09-13 11:39:33,474:employee:Created Employee: John Smith - John.Smith@company.com
2022-09-13 11:39:33,474:employee:Created Employee: Jane Doe - Jane.Doe@company.com
2022-09-13 11:39:38,317:employee:Created Employee: John Smith - John.Smith@company.com
2022-09-13 11:39:38,317:employee:Created Employee: Jane Doe - Jane.Doe@company.com
2022-09-13 11:39:42,268:employee:Created Employee: John Smith - John.Smith@company.com
2022-09-13 11:39:42,269:employee:Created Employee: Jane Doe - Jane.Doe@company.com
2022-09-13 11:39:47,787:employee:Created Employee: John Smith - John.Smith@company.com
2022-09-13 11:39:47,787:employee:Created Employee: Jane Doe - Jane.Doe@company.com
2022-09-13 11:43:57,413:employee:Created Employee: John Smith - John.Smith@company.com
2022-09-13 11:43:57,413:employee:Created Employee: Jane Doe - Jane.Doe@company.com
2022-09-13 11:44:02,471:employee:Created Employee: John Smith - John.Smith@company.com
2022-09-13 11:44:02,475:employee:Created Employee: Jane Doe - Jane.Doe@company.com
2022-09-13 11:44:04,336:employee:Created Employee: John Smith - John.Smith@company.com
2022-09-13 11:44:04,336:employee:Created Employee: Jane Doe - Jane.Doe@company.com
2022-09-13 11:44:06,299:employee:Created Employee: John Smith - John.Smith@company.com
2022-09-13 11:44:06,299:employee:Created Employee: Jane Doe - Jane.Doe@company.com
2022-09-13 11:44:08,111:employee:Created Employee: John Smith - John.Smith@company.com
2022-09-13 11:44:08,111:employee:Created Employee: Jane Doe - Jane.Doe@company.com
2022-09-13 11:44:09,673:employee:Created Employee: John Smith - John.Smith@company.com
2022-09-13 11:44:09,673:employee:Created Employee: Jane Doe - Jane.Doe@company.com
2022-09-13 11:44:11,700:employee:Created Employee: John Smith - John.Smith@company.com
2022-09-13 11:44:11,700:employee:Created Employee: Jane Doe - Jane.Doe@company.com
2022-09-13 11:44:19,609:employee:Created Employee: John Smith - John.Smith@company.com
2022-09-13 11:44:19,610:employee:Created Employee: Jane Doe - Jane.Doe@company.com
2022-09-13 11:44:21,487:employee:Created Employee: John Smith - John.Smith@company.com
2022-09-13 11:44:21,487:employee:Created Employee: Jane Doe - Jane.Doe@company.com
2022-09-13 11:44:23,753:employee:Created Employee: John Smith - John.Smith@company.com
2022-09-13 11:44:23,753:employee:Created Employee: Jane Doe - Jane.Doe@company.com
2022-09-13 11:44:25,248:employee:Created Employee: John Smith - John.Smith@company.com
2022-09-13 11:44:25,262:employee:Created Employee: Jane Doe - Jane.Doe@company.com
2022-09-13 11:44:28,179:employee:Created Employee: John Smith - John.Smith@company.com
2022-09-13 11:44:28,179:employee:Created Employee: Jane Doe - Jane.Doe@company.com
2022-09-13 11:44:29,550:employee:Created Employee: John Smith - John.Smith@company.com
2022-09-13 11:44:29,550:employee:Created Employee: Jane Doe - Jane.Doe@company.com
2022-09-13 11:44:32,862:employee:Created Employee: John Smith - John.Smith@company.com
2022-09-13 11:44:32,863:employee:Created Employee: Jane Doe - Jane.Doe@company.com
2022-09-13 11:44:35,251:employee:Created Employee: John Smith - John.Smith@company.com
2022-09-13 11:44:35,251:employee:Created Employee: Jane Doe - Jane.Doe@company.com
2022-09-13 11:44:36,802:employee:Created Employee: John Smith - John.Smith@company.com
2022-09-13 11:44:36,803:employee:Created Employee: Jane Doe - Jane.Doe@company.com
2022-09-13 11:44:45,639:employee:Created Employee: John Smith - John.Smith@company.com
2022-09-13 11:44:45,639:employee:Created Employee: Jane Doe - Jane.Doe@company.com
2022-09-13 11:44:47,501:employee:Created Employee: John Smith - John.Smith@company.com
2022-09-13 11:44:47,501:employee:Created Employee: Jane Doe - Jane.Doe@company.com
2022-09-13 11:44:49,579:employee:Created Employee: John Smith - John.Smith@company.com
2022-09-13 11:44:49,579:employee:Created Employee: Jane Doe - Jane.Doe@company.com
2022-09-13 11:44:51,966:employee:Created Employee: John Smith - John.Smith@company.com
2022-09-13 11:44:51,966:employee:Created Employee: Jane Doe - Jane.Doe@company.com
2022-09-13 11:44:53,393:employee:Created Employee: John Smith - John.Smith@company.com
2022-09-13 11:44:53,393:employee:Created Employee: Jane Doe - Jane.Doe@company.com
2022-09-13 11:44:55,723:employee:Created Employee: John Smith - John.Smith@company.com
2022-09-13 11:44:55,723:employee:Created Employee: Jane Doe - Jane.Doe@company.com
2022-09-13 11:44:57,651:employee:Created Employee: John Smith - John.Smith@company.com
2022-09-13 11:44:57,651:employee:Created Employee: Jane Doe - Jane.Doe@company.com
2022-09-13 11:44:59,052:employee:Created Employee: John Smith - John.Smith@company.com
2022-09-13 11:44:59,053:employee:Created Employee: Jane Doe - Jane.Doe@company.com
2022-09-13 11:45:04,934:employee:Created Employee: John Smith - John.Smith@company.com
2022-09-13 11:45:04,934:employee:Created Employee: Jane Doe - Jane.Doe@company.com
2022-09-13 11:45:07,074:employee:Created Employee: John Smith - John.Smith@company.com
2022-09-13 11:45:07,074:employee:Created Employee: Jane Doe - Jane.Doe@company.com
2022-09-13 11:45:08,418:employee:Created Employee: John Smith - John.Smith@company.com
2022-09-13 11:45:08,418:employee:Created Employee: Jane Doe - Jane.Doe@company.com
2022-09-13 11:45:10,323:employee:Created Employee: John Smith - John.Smith@company.com
2022-09-13 11:45:10,323:employee:Created Employee: Jane Doe - Jane.Doe@company.com
2022-09-13 11:45:12,372:employee:Created Employee: John Smith - John.Smith@company.com
2022-09-13 11:45:12,373:employee:Created Employee: Jane Doe - Jane.Doe@company.com
2022-09-13 11:45:58,123:employee:Created Employee: John Smith - John.Smith@company.com
2022-09-13 11:45:58,123:employee:Created Employee: Jane Doe - Jane.Doe@company.com
2022-09-13 11:46:01,714:employee:Created Employee: John Smith - John.Smith@company.com
2022-09-13 11:46:01,714:employee:Created Employee: Jane Doe - Jane.Doe@company.com
2022-09-13 11:46:03,699:employee:Created Employee: John Smith - John.Smith@company.com
2022-09-13 11:46:03,699:employee:Created Employee: Jane Doe - Jane.Doe@company.com
2022-09-13 11:46:05,517:employee:Created Employee: John Smith - John.Smith@company.com
2022-09-13 11:46:05,529:employee:Created Employee: Jane Doe - Jane.Doe@company.com
2022-09-13 11:46:07,208:employee:Created Employee: John Smith - John.Smith@company.com
2022-09-13 11:46:07,208:employee:Created Employee: Jane Doe - Jane.Doe@company.com
2022-09-13 11:46:19,615:employee:Created Employee: John Smith - John.Smith@company.com
2022-09-13 11:46:19,616:employee:Created Employee: Jane Doe - Jane.Doe@company.com
2022-09-13 11:46:21,740:employee:Created Employee: John Smith - John.Smith@company.com
2022-09-13 11:46:21,740:employee:Created Employee: Jane Doe - Jane.Doe@company.com
2022-09-13 11:46:23,548:employee:Created Employee: John Smith - John.Smith@company.com
2022-09-13 11:46:23,548:employee:Created Employee: Jane Doe - Jane.Doe@company.com
2022-09-13 11:46:25,210:employee:Created Employee: John Smith - John.Smith@company.com
2022-09-13 11:46:25,211:employee:Created Employee: Jane Doe - Jane.Doe@company.com
2022-09-13 11:46:26,822:employee:Created Employee: John Smith - John.Smith@company.com
2022-09-13 11:46:26,822:employee:Created Employee: Jane Doe - Jane.Doe@company.com
2022-09-13 11:46:28,737:employee:Created Employee: John Smith - John.Smith@company.com
2022-09-13 11:46:28,737:employee:Created Employee: Jane Doe - Jane.Doe@company.com
2022-09-13 11:46:30,594:employee:Created Employee: John Smith - John.Smith@company.com
2022-09-13 11:46:30,594:employee:Created Employee: Jane Doe - Jane.Doe@company.com
2022-09-13 11:46:37,002:employee:Created Employee: John Smith - John.Smith@company.com
2022-09-13 11:46:37,002:employee:Created Employee: Jane Doe - Jane.Doe@company.com
2022-09-13 11:46:38,650:employee:Created Employee: John Smith - John.Smith@company.com
2022-09-13 11:46:38,652:employee:Created Employee: Jane Doe - Jane.Doe@company.com
2022-09-13 11:46:40,755:employee:Created Employee: John Smith - John.Smith@company.com
2022-09-13 11:46:40,757:employee:Created Employee: Jane Doe - Jane.Doe@company.com
2022-09-13 11:46:42,393:employee:Created Employee: John Smith - John.Smith@company.com
2022-09-13 11:46:42,393:employee:Created Employee: Jane Doe - Jane.Doe@company.com
2022-09-13 11:46:45,191:employee:Created Employee: John Smith - John.Smith@company.com
2022-09-13 11:46:45,191:employee:Created Employee: Jane Doe - Jane.Doe@company.com
2022-09-13 11:46:46,860:employee:Created Employee: John Smith - John.Smith@company.com
2022-09-13 11:46:46,860:employee:Created Employee: Jane Doe - Jane.Doe@company.com
2022-09-13 11:46:58,897:employee:Created Employee: John Smith - John.Smith@company.com
2022-09-13 11:46:58,897:employee:Created Employee: Jane Doe - Jane.Doe@company.com
2022-09-13 11:47:03,669:employee:Created Employee: John Smith - John.Smith@company.com
2022-09-13 11:47:03,669:employee:Created Employee: Jane Doe - Jane.Doe@company.com
2022-09-13 11:47:05,250:employee:Created Employee: John Smith - John.Smith@company.com
2022-09-13 11:47:05,251:employee:Created Employee: Jane Doe - Jane.Doe@company.com
2022-09-13 11:47:07,354:employee:Created Employee: John Smith - John.Smith@company.com
2022-09-13 11:47:07,354:employee:Created Employee: Jane Doe - Jane.Doe@company.com
2022-09-13 11:47:09,934:employee:Created Employee: John Smith - John.Smith@company.com
2022-09-13 11:47:09,934:employee:Created Employee: Jane Doe - Jane.Doe@company.com
2022-09-13 11:47:12,367:employee:Created Employee: John Smith - John.Smith@company.com
2022-09-13 11:47:12,367:employee:Created Employee: Jane Doe - Jane.Doe@company.com
2022-09-13 11:47:16,289:employee:Created Employee: John Smith - John.Smith@company.com
2022-09-13 11:47:16,289:employee:Created Employee: Jane Doe - Jane.Doe@company.com
2022-09-13 11:47:19,242:employee:Created Employee: John Smith - John.Smith@company.com
2022-09-13 11:47:19,243:employee:Created Employee: Jane Doe - Jane.Doe@company.com
2022-09-13 11:47:21,142:employee:Created Employee: John Smith - John.Smith@company.com
2022-09-13 11:47:21,142:employee:Created Employee: Jane Doe - Jane.Doe@company.com
2022-09-13 11:47:24,632:employee:Created Employee: John Smith - John.Smith@company.com
2022-09-13 11:47:24,632:employee:Created Employee: Jane Doe - Jane.Doe@company.com
2022-09-13 11:47:26,006:employee:Created Employee: John Smith - John.Smith@company.com
2022-09-13 11:47:26,007:employee:Created Employee: Jane Doe - Jane.Doe@company.com
2022-09-13 11:47:27,809:employee:Created Employee: John Smith - John.Smith@company.com
2022-09-13 11:47:27,809:employee:Created Employee: Jane Doe - Jane.Doe@company.com
2022-09-13 11:47:29,917:employee:Created Employee: John Smith - John.Smith@company.com
2022-09-13 11:47:29,918:employee:Created Employee: Jane Doe - Jane.Doe@company.com
2022-09-13 11:47:31,324:employee:Created Employee: John Smith - John.Smith@company.com
2022-09-13 11:47:31,324:employee:Created Employee: Jane Doe - Jane.Doe@company.com
2022-09-13 11:47:43,183:employee:Created Employee: John Smith - John.Smith@company.com
2022-09-13 11:47:43,183:employee:Created Employee: Jane Doe - Jane.Doe@company.com
2022-09-13 11:47:44,824:employee:Created Employee: John Smith - John.Smith@company.com
2022-09-13 11:47:44,824:employee:Created Employee: Jane Doe - Jane.Doe@company.com
2022-09-13 11:47:46,631:employee:Created Employee: John Smith - John.Smith@company.com
2022-09-13 11:47:46,642:employee:Created Employee: Jane Doe - Jane.Doe@company.com
2022-09-13 11:47:48,648:employee:Created Employee: John Smith - John.Smith@company.com
2022-09-13 11:47:48,649:employee:Created Employee: Jane Doe - Jane.Doe@company.com
2022-09-13 11:47:51,182:employee:Created Employee: John Smith - John.Smith@company.com
2022-09-13 11:47:51,183:employee:Created Employee: Jane Doe - Jane.Doe@company.com
2022-09-13 11:47:56,159:employee:Created Employee: John Smith - John.Smith@company.com
2022-09-13 11:47:56,160:employee:Created Employee: Jane Doe - Jane.Doe@company.com
2022-09-13 11:50:27,139:employee:Created Employee: John Smith - John.Smith@company.com
2022-09-13 11:50:27,140:employee:Created Employee: Jane Doe - Jane.Doe@company.com
2022-09-13 11:50:29,214:employee:Created Employee: John Smith - John.Smith@company.com
2022-09-13 11:50:29,214:employee:Created Employee: Jane Doe - Jane.Doe@company.com
2022-09-13 11:50:31,221:employee:Created Employee: John Smith - John.Smith@company.com
2022-09-13 11:50:31,221:employee:Created Employee: Jane Doe - Jane.Doe@company.com
2022-09-13 11:50:32,908:employee:Created Employee: John Smith - John.Smith@company.com
2022-09-13 11:50:32,908:employee:Created Employee: Jane Doe - Jane.Doe@company.com
2022-09-13 11:50:34,300:employee:Created Employee: John Smith - John.Smith@company.com
2022-09-13 11:50:34,300:employee:Created Employee: Jane Doe - Jane.Doe@company.com
2022-09-13 11:50:36,290:employee:Created Employee: John Smith - John.Smith@company.com
2022-09-13 11:50:36,290:employee:Created Employee: Jane Doe - Jane.Doe@company.com
2022-09-13 11:50:40,339:employee:Created Employee: John Smith - John.Smith@company.com
2022-09-13 11:50:40,340:employee:Created Employee: Jane Doe - Jane.Doe@company.com
2022-09-13 11:50:42,344:employee:Created Employee: John Smith - John.Smith@company.com
2022-09-13 11:50:42,344:employee:Created Employee: Jane Doe - Jane.Doe@company.com
2022-09-13 11:50:48,095:employee:Created Employee: John Smith - John.Smith@company.com
2022-09-13 11:50:48,096:employee:Created Employee: Jane Doe - Jane.Doe@company.com
2022-09-13 11:50:50,248:employee:Created Employee: John Smith - John.Smith@company.com
2022-09-13 11:50:50,248:employee:Created Employee: Jane Doe - Jane.Doe@company.com
2022-09-13 11:50:51,807:employee:Created Employee: John Smith - John.Smith@company.com
2022-09-13 11:50:51,807:employee:Created Employee: Jane Doe - Jane.Doe@company.com
2022-09-13 11:50:53,938:employee:Created Employee: John Smith - John.Smith@company.com
2022-09-13 11:50:53,938:employee:Created Employee: Jane Doe - Jane.Doe@company.com
2022-09-13 11:50:55,837:employee:Created Employee: John Smith - John.Smith@company.com
2022-09-13 11:50:55,837:employee:Created Employee: Jane Doe - Jane.Doe@company.com
2022-09-13 11:50:59,888:employee:Created Employee: John Smith - John.Smith@company.com
2022-09-13 11:50:59,889:employee:Created Employee: Jane Doe - Jane.Doe@company.com
2022-09-13 11:51:02,032:employee:Created Employee: John Smith - John.Smith@company.com
2022-09-13 11:51:02,032:employee:Created Employee: Jane Doe - Jane.Doe@company.com
2022-09-13 11:51:05,553:employee:Created Employee: John Smith - John.Smith@company.com
2022-09-13 11:51:05,553:employee:Created Employee: Jane Doe - Jane.Doe@company.com
2022-09-13 11:51:07,439:employee:Created Employee: John Smith - John.Smith@company.com
2022-09-13 11:51:07,440:employee:Created Employee: Jane Doe - Jane.Doe@company.com
2022-09-13 11:51:09,356:employee:Created Employee: John Smith - John.Smith@company.com
2022-09-13 11:51:09,356:employee:Created Employee: Jane Doe - Jane.Doe@company.com
2022-09-13 11:51:12,464:employee:Created Employee: John Smith - John.Smith@company.com
2022-09-13 11:51:12,464:employee:Created Employee: Jane Doe - Jane.Doe@company.com
2022-09-13 11:51:14,579:employee:Created Employee: John Smith - John.Smith@company.com
2022-09-13 11:51:14,580:employee:Created Employee: Jane Doe - Jane.Doe@company.com
2022-09-13 11:51:16,688:employee:Created Employee: John Smith - John.Smith@company.com
2022-09-13 11:51:16,688:employee:Created Employee: Jane Doe - Jane.Doe@company.com
2022-09-13 11:51:18,791:employee:Created Employee: John Smith - John.Smith@company.com
2022-09-13 11:51:18,792:employee:Created Employee: Jane Doe - Jane.Doe@company.com
2022-09-13 11:51:20,772:employee:Created Employee: John Smith - John.Smith@company.com
2022-09-13 11:51:20,772:employee:Created Employee: Jane Doe - Jane.Doe@company.com
2022-09-13 11:51:22,923:employee:Created Employee: John Smith - John.Smith@company.com
2022-09-13 11:51:22,923:employee:Created Employee: Jane Doe - Jane.Doe@company.com
2022-09-13 11:51:30,113:employee:Created Employee: John Smith - John.Smith@company.com
2022-09-13 11:51:30,114:employee:Created Employee: Jane Doe - Jane.Doe@company.com
2022-09-13 11:51:31,810:employee:Created Employee: John Smith - John.Smith@company.com
2022-09-13 11:51:31,810:employee:Created Employee: Jane Doe - Jane.Doe@company.com
2022-09-13 11:51:33,294:employee:Created Employee: John Smith - John.Smith@company.com
2022-09-13 11:51:33,294:employee:Created Employee: Jane Doe - Jane.Doe@company.com
2022-09-13 11:51:34,926:employee:Created Employee: John Smith - John.Smith@company.com
2022-09-13 11:51:34,930:employee:Created Employee: Jane Doe - Jane.Doe@company.com
2022-09-13 11:51:37,702:employee:Created Employee: John Smith - John.Smith@company.com
2022-09-13 11:51:37,703:employee:Created Employee: Jane Doe - Jane.Doe@company.com
2022-09-13 11:51:39,061:employee:Created Employee: John Smith - John.Smith@company.com
2022-09-13 11:51:39,078:employee:Created Employee: Jane Doe - Jane.Doe@company.com
2022-09-13 11:51:41,044:employee:Created Employee: John Smith - John.Smith@company.com
2022-09-13 11:51:41,057:employee:Created Employee: Jane Doe - Jane.Doe@company.com
2022-09-13 11:51:42,724:employee:Created Employee: John Smith - John.Smith@company.com
2022-09-13 11:51:42,724:employee:Created Employee: Jane Doe - Jane.Doe@company.com
2022-09-13 11:51:44,333:employee:Created Employee: John Smith - John.Smith@company.com
2022-09-13 11:51:44,333:employee:Created Employee: Jane Doe - Jane.Doe@company.com
2022-09-13 11:51:46,528:employee:Created Employee: John Smith - John.Smith@company.com
2022-09-13 11:51:46,528:employee:Created Employee: Jane Doe - Jane.Doe@company.com
2022-09-13 11:51:48,922:employee:Created Employee: John Smith - John.Smith@company.com
2022-09-13 11:51:48,923:employee:Created Employee: Jane Doe - Jane.Doe@company.com
2022-09-13 11:51:51,144:employee:Created Employee: John Smith - John.Smith@company.com
2022-09-13 11:51:51,144:employee:Created Employee: Jane Doe - Jane.Doe@company.com
2022-09-13 11:51:52,698:employee:Created Employee: John Smith - John.Smith@company.com
2022-09-13 11:51:52,706:employee:Created Employee: Jane Doe - Jane.Doe@company.com
2022-09-13 11:51:54,379:employee:Created Employee: John Smith - John.Smith@company.com
2022-09-13 11:51:54,379:employee:Created Employee: Jane Doe - Jane.Doe@company.com
2022-09-13 11:51:56,430:employee:Created Employee: John Smith - John.Smith@company.com
2022-09-13 11:51:56,430:employee:Created Employee: Jane Doe - Jane.Doe@company.com
2022-09-13 11:51:57,878:employee:Created Employee: John Smith - John.Smith@company.com
2022-09-13 11:51:57,878:employee:Created Employee: Jane Doe - Jane.Doe@company.com
2022-09-13 11:51:59,281:employee:Created Employee: John Smith - John.Smith@company.com
2022-09-13 11:51:59,281:employee:Created Employee: Jane Doe - Jane.Doe@company.com
2022-09-13 11:52:01,088:employee:Created Employee: John Smith - John.Smith@company.com
2022-09-13 11:52:01,088:employee:Created Employee: Jane Doe - Jane.Doe@company.com
2022-09-13 11:52:02,523:employee:Created Employee: John Smith - John.Smith@company.com
2022-09-13 11:52:02,524:employee:Created Employee: Jane Doe - Jane.Doe@company.com
2022-09-13 11:52:04,273:employee:Created Employee: John Smith - John.Smith@company.com
2022-09-13 11:52:04,273:employee:Created Employee: Jane Doe - Jane.Doe@company.com
2022-09-13 11:52:05,875:employee:Created Employee: John Smith - John.Smith@company.com
2022-09-13 11:52:05,875:employee:Created Employee: Jane Doe - Jane.Doe@company.com
2022-09-13 11:52:08,505:employee:Created Employee: John Smith - John.Smith@company.com
2022-09-13 11:52:08,506:employee:Created Employee: Jane Doe - Jane.Doe@company.com
2022-09-13 11:52:10,229:employee:Created Employee: John Smith - John.Smith@company.com
2022-09-13 11:52:10,229:employee:Created Employee: Jane Doe - Jane.Doe@company.com
2022-09-13 11:52:11,681:employee:Created Employee: John Smith - John.Smith@company.com
2022-09-13 11:52:11,681:employee:Created Employee: Jane Doe - Jane.Doe@company.com
2022-09-13 11:52:14,549:employee:Created Employee: John Smith - John.Smith@company.com
2022-09-13 11:52:14,549:employee:Created Employee: Jane Doe - Jane.Doe@company.com
2022-09-13 11:52:16,197:employee:Created Employee: John Smith - John.Smith@company.com
2022-09-13 11:52:16,197:employee:Created Employee: Jane Doe - Jane.Doe@company.com
2022-09-13 11:52:18,913:employee:Created Employee: John Smith - John.Smith@company.com
2022-09-13 11:52:18,913:employee:Created Employee: Jane Doe - Jane.Doe@company.com
2022-09-13 11:52:22,893:employee:Created Employee: John Smith - John.Smith@company.com
2022-09-13 11:52:22,894:employee:Created Employee: Jane Doe - Jane.Doe@company.com
2022-09-13 11:52:24,730:employee:Created Employee: John Smith - John.Smith@company.com
2022-09-13 11:52:24,731:employee:Created Employee: Jane Doe - Jane.Doe@company.com
2022-09-13 11:52:26,994:employee:Created Employee: John Smith - John.Smith@company.com
2022-09-13 11:52:26,994:employee:Created Employee: Jane Doe - Jane.Doe@company.com
2022-09-13 11:52:30,291:employee:Created Employee: John Smith - John.Smith@company.com
2022-09-13 11:52:30,292:employee:Created Employee: Jane Doe - Jane.Doe@company.com
2022-09-13 11:52:32,498:employee:Created Employee: John Smith - John.Smith@company.com
2022-09-13 11:52:32,498:employee:Created Employee: Jane Doe - Jane.Doe@company.com
2022-09-13 11:52:35,144:employee:Created Employee: John Smith - John.Smith@company.com
2022-09-13 11:52:35,144:employee:Created Employee: Jane Doe - Jane.Doe@company.com
2022-09-13 11:52:37,989:employee:Created Employee: John Smith - John.Smith@company.com
2022-09-13 11:52:37,990:employee:Created Employee: Jane Doe - Jane.Doe@company.com
2022-09-13 11:52:43,914:employee:Created Employee: John Smith - John.Smith@company.com
2022-09-13 11:52:43,914:employee:Created Employee: Jane Doe - Jane.Doe@company.com
2022-09-13 11:52:45,962:employee:Created Employee: John Smith - John.Smith@company.com
2022-09-13 11:52:45,962:employee:Created Employee: Jane Doe - Jane.Doe@company.com
2022-09-13 11:52:47,557:employee:Created Employee: John Smith - John.Smith@company.com
2022-09-13 11:52:47,558:employee:Created Employee: Jane Doe - Jane.Doe@company.com
2022-09-13 11:52:49,226:employee:Created Employee: John Smith - John.Smith@company.com
2022-09-13 11:52:49,226:employee:Created Employee: Jane Doe - Jane.Doe@company.com
2022-09-13 11:52:50,777:employee:Created Employee: John Smith - John.Smith@company.com
2022-09-13 11:52:50,777:employee:Created Employee: Jane Doe - Jane.Doe@company.com
2022-09-13 11:52:52,215:employee:Created Employee: John Smith - John.Smith@company.com
2022-09-13 11:52:52,215:employee:Created Employee: Jane Doe - Jane.Doe@company.com
2022-09-13 11:52:53,724:employee:Created Employee: John Smith - John.Smith@company.com
2022-09-13 11:52:53,724:employee:Created Employee: Jane Doe - Jane.Doe@company.com
2022-09-13 11:52:55,319:employee:Created Employee: John Smith - John.Smith@company.com
2022-09-13 11:52:55,319:employee:Created Employee: Jane Doe - Jane.Doe@company.com
2022-09-13 11:52:56,967:employee:Created Employee: John Smith - John.Smith@company.com
2022-09-13 11:52:56,967:employee:Created Employee: Jane Doe - Jane.Doe@company.com
2022-09-13 11:52:58,363:employee:Created Employee: John Smith - John.Smith@company.com
2022-09-13 11:52:58,363:employee:Created Employee: Jane Doe - Jane.Doe@company.com
2022-09-13 11:53:00,113:employee:Created Employee: John Smith - John.Smith@company.com
2022-09-13 11:53:00,114:employee:Created Employee: Jane Doe - Jane.Doe@company.com
2022-09-13 11:53:02,139:employee:Created Employee: John Smith - John.Smith@company.com
2022-09-13 11:53:02,139:employee:Created Employee: Jane Doe - Jane.Doe@company.com
2022-09-13 11:53:04,520:employee:Created Employee: John Smith - John.Smith@company.com
2022-09-13 11:53:04,520:employee:Created Employee: Jane Doe - Jane.Doe@company.com
2022-09-13 11:53:10,385:employee:Created Employee: John Smith - John.Smith@company.com
2022-09-13 11:53:10,386:employee:Created Employee: Jane Doe - Jane.Doe@company.com
2022-09-13 11:53:14,835:employee:Created Employee: John Smith - John.Smith@company.com
2022-09-13 11:53:14,835:employee:Created Employee: Jane Doe - Jane.Doe@company.com
2022-09-13 11:53:16,686:employee:Created Employee: John Smith - John.Smith@company.com
2022-09-13 11:53:16,686:employee:Created Employee: Jane Doe - Jane.Doe@company.com
2022-09-13 11:53:18,110:employee:Created Employee: John Smith - John.Smith@company.com
2022-09-13 11:53:18,111:employee:Created Employee: Jane Doe - Jane.Doe@company.com
2022-09-13 11:53:19,566:employee:Created Employee: John Smith - John.Smith@company.com
2022-09-13 11:53:19,566:employee:Created Employee: Jane Doe - Jane.Doe@company.com
2022-09-13 11:53:21,349:employee:Created Employee: John Smith - John.Smith@company.com
2022-09-13 11:53:21,349:employee:Created Employee: Jane Doe - Jane.Doe@company.com
2022-09-13 11:53:23,915:employee:Created Employee: John Smith - John.Smith@company.com
2022-09-13 11:53:23,915:employee:Created Employee: Jane Doe - Jane.Doe@company.com
2022-09-13 11:53:25,497:employee:Created Employee: John Smith - John.Smith@company.com
2022-09-13 11:53:25,498:employee:Created Employee: Jane Doe - Jane.Doe@company.com
2022-09-13 11:53:32,515:employee:Created Employee: John Smith - John.Smith@company.com
2022-09-13 11:53:32,516:employee:Created Employee: Jane Doe - Jane.Doe@company.com
2022-09-13 11:53:34,126:employee:Created Employee: John Smith - John.Smith@company.com
2022-09-13 11:53:34,126:employee:Created Employee: Jane Doe - Jane.Doe@company.com
2022-09-13 11:53:37,556:employee:Created Employee: John Smith - John.Smith@company.com
2022-09-13 11:53:37,556:employee:Created Employee: Jane Doe - Jane.Doe@company.com
2022-09-13 11:53:40,511:employee:Created Employee: John Smith - John.Smith@company.com
2022-09-13 11:53:40,511:employee:Created Employee: Jane Doe - Jane.Doe@company.com
2022-09-13 11:53:42,019:employee:Created Employee: John Smith - John.Smith@company.com
2022-09-13 11:53:42,019:employee:Created Employee: Jane Doe - Jane.Doe@company.com
2022-09-13 11:53:43,661:employee:Created Employee: John Smith - John.Smith@company.com
2022-09-13 11:53:43,661:employee:Created Employee: Jane Doe - Jane.Doe@company.com
2022-09-13 11:53:46,431:employee:Created Employee: John Smith - John.Smith@company.com
2022-09-13 11:53:46,431:employee:Created Employee: Jane Doe - Jane.Doe@company.com
2022-09-13 11:53:48,021:employee:Created Employee: John Smith - John.Smith@company.com
2022-09-13 11:53:48,032:employee:Created Employee: Jane Doe - Jane.Doe@company.com
2022-09-13 11:53:49,769:employee:Created Employee: John Smith - John.Smith@company.com
2022-09-13 11:53:49,769:employee:Created Employee: Jane Doe - Jane.Doe@company.com
2022-09-13 11:53:51,312:employee:Created Employee: John Smith - John.Smith@company.com
2022-09-13 11:53:51,313:employee:Created Employee: Jane Doe - Jane.Doe@company.com
2022-09-13 11:53:53,698:employee:Created Employee: John Smith - John.Smith@company.com
2022-09-13 11:53:53,698:employee:Created Employee: Jane Doe - Jane.Doe@company.com
2022-09-13 11:53:55,125:employee:Created Employee: John Smith - John.Smith@company.com
2022-09-13 11:53:55,125:employee:Created Employee: Jane Doe - Jane.Doe@company.com
2022-09-13 11:53:56,978:employee:Created Employee: John Smith - John.Smith@company.com
2022-09-13 11:53:56,979:employee:Created Employee: Jane Doe - Jane.Doe@company.com
2022-09-13 11:53:58,426:employee:Created Employee: John Smith - John.Smith@company.com
2022-09-13 11:53:58,426:employee:Created Employee: Jane Doe - Jane.Doe@company.com
2022-09-13 11:54:00,205:employee:Created Employee: John Smith - John.Smith@company.com
2022-09-13 11:54:00,205:employee:Created Employee: Jane Doe - Jane.Doe@company.com
2022-09-13 11:54:02,007:employee:Created Employee: John Smith - John.Smith@company.com
2022-09-13 11:54:02,007:employee:Created Employee: Jane Doe - Jane.Doe@company.com
2022-09-13 11:54:04,966:employee:Created Employee: John Smith - John.Smith@company.com
2022-09-13 11:54:04,967:employee:Created Employee: Jane Doe - Jane.Doe@company.com
2022-09-13 11:54:09,504:employee:Created Employee: John Smith - John.Smith@company.com
2022-09-13 11:54:09,504:employee:Created Employee: Jane Doe - Jane.Doe@company.com
2022-09-13 11:54:27,797:employee:Created Employee: John Smith - John.Smith@company.com
2022-09-13 11:54:27,798:employee:Created Employee: Jane Doe - Jane.Doe@company.com
2022-09-13 11:54:31,337:employee:Created Employee: John Smith - John.Smith@company.com
2022-09-13 11:54:31,337:employee:Created Employee: Jane Doe - Jane.Doe@company.com
2022-09-13 11:54:33,508:employee:Created Employee: John Smith - John.Smith@company.com
2022-09-13 11:54:33,508:employee:Created Employee: Jane Doe - Jane.Doe@company.com
2022-09-13 11:56:31,787:employee:Created Employee: John Smith - John.Smith@company.com
2022-09-13 11:56:31,787:employee:Created Employee: Jane Doe - Jane.Doe@company.com
2022-09-13 11:56:34,576:employee:Created Employee: John Smith - John.Smith@company.com
2022-09-13 11:56:34,576:employee:Created Employee: Jane Doe - Jane.Doe@company.com
2022-09-13 11:56:37,967:employee:Created Employee: John Smith - John.Smith@company.com
2022-09-13 11:56:37,967:employee:Created Employee: Jane Doe - Jane.Doe@company.com
2022-09-13 11:56:39,639:employee:Created Employee: John Smith - John.Smith@company.com
2022-09-13 11:56:39,639:employee:Created Employee: Jane Doe - Jane.Doe@company.com
2022-09-13 11:56:42,396:employee:Created Employee: John Smith - John.Smith@company.com
2022-09-13 11:56:42,396:employee:Created Employee: Jane Doe - Jane.Doe@company.com
2022-09-13 11:56:44,166:employee:Created Employee: John Smith - John.Smith@company.com
2022-09-13 11:56:44,166:employee:Created Employee: Jane Doe - Jane.Doe@company.com
2022-09-13 11:56:46,335:employee:Created Employee: John Smith - John.Smith@company.com
2022-09-13 11:56:46,335:employee:Created Employee: Jane Doe - Jane.Doe@company.com
2022-09-13 11:56:48,124:employee:Created Employee: John Smith - John.Smith@company.com
2022-09-13 11:56:48,125:employee:Created Employee: Jane Doe - Jane.Doe@company.com
2022-09-13 11:56:52,400:employee:Created Employee: John Smith - John.Smith@company.com
2022-09-13 11:56:52,400:employee:Created Employee: Jane Doe - Jane.Doe@company.com
2022-09-13 12:00:08,758:employee:Created Employee: John Smith - John.Smith@company.com
2022-09-13 12:00:08,759:employee:Created Employee: Jane Doe - Jane.Doe@company.com
2022-09-13 12:00:11,021:employee:Created Employee: John Smith - John.Smith@company.com
2022-09-13 12:00:11,021:employee:Created Employee: Jane Doe - Jane.Doe@company.com
2022-09-13 12:00:13,300:employee:Created Employee: John Smith - John.Smith@company.com
2022-09-13 12:00:13,300:employee:Created Employee: Jane Doe - Jane.Doe@company.com
2022-09-13 12:00:14,825:employee:Created Employee: John Smith - John.Smith@company.com
2022-09-13 12:00:14,825:employee:Created Employee: Jane Doe - Jane.Doe@company.com
2022-09-13 12:00:16,880:employee:Created Employee: John Smith - John.Smith@company.com
2022-09-13 12:00:16,880:employee:Created Employee: Jane Doe - Jane.Doe@company.com
2022-09-13 12:00:19,355:employee:Created Employee: John Smith - John.Smith@company.com
2022-09-13 12:00:19,355:employee:Created Employee: Jane Doe - Jane.Doe@company.com
2022-09-13 12:00:21,636:employee:Created Employee: John Smith - John.Smith@company.com
2022-09-13 12:00:21,636:employee:Created Employee: Jane Doe - Jane.Doe@company.com
2022-09-13 12:00:23,806:employee:Created Employee: John Smith - John.Smith@company.com
2022-09-13 12:00:23,806:employee:Created Employee: Jane Doe - Jane.Doe@company.com
2022-09-13 12:00:25,900:employee:Created Employee: John Smith - John.Smith@company.com
2022-09-13 12:00:25,900:employee:Created Employee: Jane Doe - Jane.Doe@company.com
2022-09-13 12:20:40,513:employee:Created Employee: John Smith - John.Smith@company.com
2022-09-13 12:20:40,513:employee:Created Employee: Jane Doe - Jane.Doe@company.com
2022-09-13 12:21:13,699:employee:Created Employee: John Smith - John.Smith@company.com
2022-09-13 12:21:13,699:employee:Created Employee: Jane Doe - Jane.Doe@company.com
2022-09-13 12:21:15,113:employee:Created Employee: John Smith - John.Smith@company.com
2022-09-13 12:21:15,113:employee:Created Employee: Jane Doe - Jane.Doe@company.com
2022-09-13 12:21:17,034:employee:Created Employee: John Smith - John.Smith@company.com
2022-09-13 12:21:17,034:employee:Created Employee: Jane Doe - Jane.Doe@company.com
2022-09-13 12:21:18,860:employee:Created Employee: John Smith - John.Smith@company.com
2022-09-13 12:21:18,860:employee:Created Employee: Jane Doe - Jane.Doe@company.com
2022-09-13 12:21:20,616:employee:Created Employee: John Smith - John.Smith@company.com
2022-09-13 12:21:20,616:employee:Created Employee: Jane Doe - Jane.Doe@company.com
2022-09-13 12:21:22,433:employee:Created Employee: John Smith - John.Smith@company.com
2022-09-13 12:21:22,433:employee:Created Employee: Jane Doe - Jane.Doe@company.com
2022-09-13 12:21:23,937:employee:Created Employee: John Smith - John.Smith@company.com
2022-09-13 12:21:23,937:employee:Created Employee: Jane Doe - Jane.Doe@company.com
2022-09-13 12:21:25,304:employee:Created Employee: John Smith - John.Smith@company.com
2022-09-13 12:21:25,304:employee:Created Employee: Jane Doe - Jane.Doe@company.com
2022-09-13 12:21:34,141:employee:Created Employee: John Smith - John.Smith@company.com
2022-09-13 12:21:34,142:employee:Created Employee: Jane Doe - Jane.Doe@company.com
2022-09-13 12:21:35,502:employee:Created Employee: John Smith - John.Smith@company.com
2022-09-13 12:21:35,502:employee:Created Employee: Jane Doe - Jane.Doe@company.com
2022-09-13 12:21:37,277:employee:Created Employee: John Smith - John.Smith@company.com
2022-09-13 12:21:37,278:employee:Created Employee: Jane Doe - Jane.Doe@company.com
2022-09-13 12:21:38,881:employee:Created Employee: John Smith - John.Smith@company.com
2022-09-13 12:21:38,881:employee:Created Employee: Jane Doe - Jane.Doe@company.com
2022-09-13 12:21:40,928:employee:Created Employee: John Smith - John.Smith@company.com
2022-09-13 12:21:40,928:employee:Created Employee: Jane Doe - Jane.Doe@company.com
2022-09-13 12:21:42,542:employee:Created Employee: John Smith - John.Smith@company.com
2022-09-13 12:21:42,542:employee:Created Employee: Jane Doe - Jane.Doe@company.com
2022-09-13 12:21:44,727:employee:Created Employee: John Smith - John.Smith@company.com
2022-09-13 12:21:44,727:employee:Created Employee: Jane Doe - Jane.Doe@company.com
2022-09-13 12:21:58,889:employee:Created Employee: John Smith - John.Smith@company.com
2022-09-13 12:21:58,889:employee:Created Employee: Jane Doe - Jane.Doe@company.com
2022-09-13 12:22:00,691:employee:Created Employee: John Smith - John.Smith@company.com
2022-09-13 12:22:00,691:employee:Created Employee: Jane Doe - Jane.Doe@company.com
2022-09-13 12:22:02,960:employee:Created Employee: John Smith - John.Smith@company.com
2022-09-13 12:22:02,960:employee:Created Employee: Jane Doe - Jane.Doe@company.com
2022-09-13 12:22:05,272:employee:Created Employee: John Smith - John.Smith@company.com
2022-09-13 12:22:05,272:employee:Created Employee: Jane Doe - Jane.Doe@company.com
2022-09-13 12:22:07,295:employee:Created Employee: John Smith - John.Smith@company.com
2022-09-13 12:22:07,295:employee:Created Employee: Jane Doe - Jane.Doe@company.com
2022-09-13 12:22:08,974:employee:Created Employee: John Smith - John.Smith@company.com
2022-09-13 12:22:08,974:employee:Created Employee: Jane Doe - Jane.Doe@company.com
2022-09-13 12:22:14,272:employee:Created Employee: John Smith - John.Smith@company.com
2022-09-13 12:22:14,272:employee:Created Employee: Jane Doe - Jane.Doe@company.com
2022-09-13 12:22:15,779:employee:Created Employee: John Smith - John.Smith@company.com
2022-09-13 12:22:15,779:employee:Created Employee: Jane Doe - Jane.Doe@company.com
2022-09-13 12:22:18,307:employee:Created Employee: John Smith - John.Smith@company.com
2022-09-13 12:22:18,307:employee:Created Employee: Jane Doe - Jane.Doe@company.com
2022-09-13 12:22:21,306:employee:Created Employee: John Smith - John.Smith@company.com
2022-09-13 12:22:21,307:employee:Created Employee: Jane Doe - Jane.Doe@company.com
2022-09-13 12:22:22,848:employee:Created Employee: John Smith - John.Smith@company.com
2022-09-13 12:22:22,848:employee:Created Employee: Jane Doe - Jane.Doe@company.com
2022-09-13 12:22:24,640:employee:Created Employee: John Smith - John.Smith@company.com
2022-09-13 12:22:24,640:employee:Created Employee: Jane Doe - Jane.Doe@company.com
2022-09-13 12:22:28,411:employee:Created Employee: John Smith - John.Smith@company.com
2022-09-13 12:22:28,411:employee:Created Employee: Jane Doe - Jane.Doe@company.com
2022-09-13 12:22:30,245:employee:Created Employee: John Smith - John.Smith@company.com
2022-09-13 12:22:30,245:employee:Created Employee: Jane Doe - Jane.Doe@company.com
2022-09-13 12:22:31,844:employee:Created Employee: John Smith - John.Smith@company.com
2022-09-13 12:22:31,844:employee:Created Employee: Jane Doe - Jane.Doe@company.com
2022-09-13 12:22:33,362:employee:Created Employee: John Smith - John.Smith@company.com
2022-09-13 12:22:33,362:employee:Created Employee: Jane Doe - Jane.Doe@company.com
2022-09-13 12:22:34,975:employee:Created Employee: John Smith - John.Smith@company.com
2022-09-13 12:22:34,976:employee:Created Employee: Jane Doe - Jane.Doe@company.com
2022-09-13 12:22:37,622:employee:Created Employee: John Smith - John.Smith@company.com
2022-09-13 12:22:37,622:employee:Created Employee: Jane Doe - Jane.Doe@company.com
2022-09-13 12:22:40,385:employee:Created Employee: John Smith - John.Smith@company.com
2022-09-13 12:22:40,386:employee:Created Employee: Jane Doe - Jane.Doe@company.com
2022-09-13 12:22:42,101:employee:Created Employee: John Smith - John.Smith@company.com
2022-09-13 12:22:42,101:employee:Created Employee: Jane Doe - Jane.Doe@company.com
2022-09-13 12:22:43,819:employee:Created Employee: John Smith - John.Smith@company.com
2022-09-13 12:22:43,819:employee:Created Employee: Jane Doe - Jane.Doe@company.com
2022-09-13 12:22:45,604:employee:Created Employee: John Smith - John.Smith@company.com
2022-09-13 12:22:45,604:employee:Created Employee: Jane Doe - Jane.Doe@company.com
2022-09-13 12:26:15,513:employee:Created Employee: John Smith - John.Smith@company.com
2022-09-13 12:26:15,513:employee:Created Employee: Jane Doe - Jane.Doe@company.com
2022-09-13 12:26:17,140:employee:Created Employee: John Smith - John.Smith@company.com
2022-09-13 12:26:17,140:employee:Created Employee: Jane Doe - Jane.Doe@company.com
2022-09-13 12:26:19,658:employee:Created Employee: John Smith - John.Smith@company.com
2022-09-13 12:26:19,659:employee:Created Employee: Jane Doe - Jane.Doe@company.com
2022-09-13 12:26:21,538:employee:Created Employee: John Smith - John.Smith@company.com
2022-09-13 12:26:21,538:employee:Created Employee: Jane Doe - Jane.Doe@company.com
2022-09-13 12:26:23,100:employee:Created Employee: John Smith - John.Smith@company.com
2022-09-13 12:26:23,100:employee:Created Employee: Jane Doe - Jane.Doe@company.com
2022-09-13 12:26:24,960:employee:Created Employee: John Smith - John.Smith@company.com
2022-09-13 12:26:24,960:employee:Created Employee: Jane Doe - Jane.Doe@company.com
2022-09-13 12:26:30,630:employee:Created Employee: John Smith - John.Smith@company.com
2022-09-13 12:26:30,631:employee:Created Employee: Jane Doe - Jane.Doe@company.com
2022-09-13 12:26:33,079:employee:Created Employee: John Smith - John.Smith@company.com
2022-09-13 12:26:33,079:employee:Created Employee: Jane Doe - Jane.Doe@company.com
2022-09-13 12:26:34,717:employee:Created Employee: John Smith - John.Smith@company.com
2022-09-13 12:26:34,717:employee:Created Employee: Jane Doe - Jane.Doe@company.com
2022-09-13 12:26:36,076:employee:Created Employee: John Smith - John.Smith@company.com
2022-09-13 12:26:36,076:employee:Created Employee: Jane Doe - Jane.Doe@company.com
2022-09-13 12:26:45,512:employee:Created Employee: John Smith - John.Smith@company.com
2022-09-13 12:26:45,513:employee:Created Employee: Jane Doe - Jane.Doe@company.com
2022-09-13 12:26:46,817:employee:Created Employee: John Smith - John.Smith@company.com
2022-09-13 12:26:46,817:employee:Created Employee: Jane Doe - Jane.Doe@company.com
2022-09-13 12:26:49,085:employee:Created Employee: John Smith - John.Smith@company.com
2022-09-13 12:26:49,085:employee:Created Employee: Jane Doe - Jane.Doe@company.com
2022-09-13 12:26:50,917:employee:Created Employee: John Smith - John.Smith@company.com
2022-09-13 12:26:50,917:employee:Created Employee: Jane Doe - Jane.Doe@company.com
2022-09-13 12:26:52,810:employee:Created Employee: John Smith - John.Smith@company.com
2022-09-13 12:26:52,810:employee:Created Employee: Jane Doe - Jane.Doe@company.com
2022-09-13 12:26:54,193:employee:Created Employee: John Smith - John.Smith@company.com
2022-09-13 12:26:54,193:employee:Created Employee: Jane Doe - Jane.Doe@company.com
2022-09-13 12:26:55,563:employee:Created Employee: John Smith - John.Smith@company.com
2022-09-13 12:26:55,563:employee:Created Employee: Jane Doe - Jane.Doe@company.com
2022-09-13 12:26:57,226:employee:Created Employee: John Smith - John.Smith@company.com
2022-09-13 12:26:57,226:employee:Created Employee: Jane Doe - Jane.Doe@company.com
2022-09-13 12:26:58,778:employee:Created Employee: John Smith - John.Smith@company.com
2022-09-13 12:26:58,779:employee:Created Employee: Jane Doe - Jane.Doe@company.com
2022-09-13 12:27:00,405:employee:Created Employee: John Smith - John.Smith@company.com
2022-09-13 12:27:00,406:employee:Created Employee: Jane Doe - Jane.Doe@company.com
2022-09-13 12:27:02,647:employee:Created Employee: John Smith - John.Smith@company.com
2022-09-13 12:27:02,647:employee:Created Employee: Jane Doe - Jane.Doe@company.com
2022-09-13 12:27:04,288:employee:Created Employee: John Smith - John.Smith@company.com
2022-09-13 12:27:04,288:employee:Created Employee: Jane Doe - Jane.Doe@company.com
2022-09-13 12:27:05,950:employee:Created Employee: John Smith - John.Smith@company.com
2022-09-13 12:27:05,951:employee:Created Employee: Jane Doe - Jane.Doe@company.com
2022-09-13 12:27:08,346:employee:Created Employee: John Smith - John.Smith@company.com
2022-09-13 12:27:08,347:employee:Created Employee: Jane Doe - Jane.Doe@company.com
2022-09-13 12:27:11,319:employee:Created Employee: John Smith - John.Smith@company.com
2022-09-13 12:27:11,319:employee:Created Employee: Jane Doe - Jane.Doe@company.com
2022-09-13 12:27:24,687:employee:Created Employee: John Smith - John.Smith@company.com
2022-09-13 12:27:24,687:employee:Created Employee: Jane Doe - Jane.Doe@company.com
2022-09-13 12:27:26,325:employee:Created Employee: John Smith - John.Smith@company.com
2022-09-13 12:27:26,325:employee:Created Employee: Jane Doe - Jane.Doe@company.com
2022-09-13 12:27:28,913:employee:Created Employee: John Smith - John.Smith@company.com
2022-09-13 12:27:28,913:employee:Created Employee: Jane Doe - Jane.Doe@company.com
2022-09-13 12:27:32,388:employee:Created Employee: John Smith - John.Smith@company.com
2022-09-13 12:27:32,388:employee:Created Employee: Jane Doe - Jane.Doe@company.com
2022-09-13 12:29:06,016:employee:Created Employee: John Smith - John.Smith@company.com
2022-09-13 12:29:06,016:employee:Created Employee: Jane Doe - Jane.Doe@company.com
2022-09-13 12:29:08,811:employee:Created Employee: John Smith - John.Smith@company.com
2022-09-13 12:29:08,811:employee:Created Employee: Jane Doe - Jane.Doe@company.com
2022-09-13 12:29:10,918:employee:Created Employee: John Smith - John.Smith@company.com
2022-09-13 12:29:10,918:employee:Created Employee: Jane Doe - Jane.Doe@company.com
2022-09-13 12:29:12,448:employee:Created Employee: John Smith - John.Smith@company.com
2022-09-13 12:29:12,448:employee:Created Employee: Jane Doe - Jane.Doe@company.com
2022-09-13 12:29:13,898:employee:Created Employee: John Smith - John.Smith@company.com
2022-09-13 12:29:13,898:employee:Created Employee: Jane Doe - Jane.Doe@company.com
2022-09-13 12:29:17,315:employee:Created Employee: John Smith - John.Smith@company.com
2022-09-13 12:29:17,315:employee:Created Employee: Jane Doe - Jane.Doe@company.com
2022-09-13 12:29:19,506:employee:Created Employee: John Smith - John.Smith@company.com
2022-09-13 12:29:19,511:employee:Created Employee: Jane Doe - Jane.Doe@company.com
2022-09-13 12:29:21,149:employee:Created Employee: John Smith - John.Smith@company.com
2022-09-13 12:29:21,149:employee:Created Employee: Jane Doe - Jane.Doe@company.com
2022-09-13 12:29:23,920:employee:Created Employee: John Smith - John.Smith@company.com
2022-09-13 12:29:23,920:employee:Created Employee: Jane Doe - Jane.Doe@company.com
2022-09-13 12:29:25,532:employee:Created Employee: John Smith - John.Smith@company.com
2022-09-13 12:29:25,532:employee:Created Employee: Jane Doe - Jane.Doe@company.com
2022-09-13 12:29:26,921:employee:Created Employee: John Smith - John.Smith@company.com
2022-09-13 12:29:26,922:employee:Created Employee: Jane Doe - Jane.Doe@company.com
2022-09-13 12:29:29,302:employee:Created Employee: John Smith - John.Smith@company.com
2022-09-13 12:29:29,302:employee:Created Employee: Jane Doe - Jane.Doe@company.com
2022-09-13 12:29:30,817:employee:Created Employee: John Smith - John.Smith@company.com
2022-09-13 12:29:30,818:employee:Created Employee: Jane Doe - Jane.Doe@company.com
2022-09-13 12:29:32,632:employee:Created Employee: John Smith - John.Smith@company.com
2022-09-13 12:29:32,632:employee:Created Employee: Jane Doe - Jane.Doe@company.com
2022-09-13 12:29:34,197:employee:Created Employee: John Smith - John.Smith@company.com
2022-09-13 12:29:34,198:employee:Created Employee: Jane Doe - Jane.Doe@company.com
2022-09-13 12:29:35,648:employee:Created Employee: John Smith - John.Smith@company.com
2022-09-13 12:29:35,648:employee:Created Employee: Jane Doe - Jane.Doe@company.com
2022-09-13 12:29:37,522:employee:Created Employee: John Smith - John.Smith@company.com
2022-09-13 12:29:37,522:employee:Created Employee: Jane Doe - Jane.Doe@company.com
2022-09-13 12:29:39,608:employee:Created Employee: John Smith - John.Smith@company.com
2022-09-13 12:29:39,608:employee:Created Employee: Jane Doe - Jane.Doe@company.com
2022-09-13 12:29:41,537:employee:Created Employee: John Smith - John.Smith@company.com
2022-09-13 12:29:41,537:employee:Created Employee: Jane Doe - Jane.Doe@company.com
2022-09-13 12:29:42,999:employee:Created Employee: John Smith - John.Smith@company.com
2022-09-13 12:29:42,999:employee:Created Employee: Jane Doe - Jane.Doe@company.com
2022-09-13 12:29:44,369:employee:Created Employee: John Smith - John.Smith@company.com
2022-09-13 12:29:44,369:employee:Created Employee: Jane Doe - Jane.Doe@company.com
2022-09-13 12:29:45,867:employee:Created Employee: John Smith - John.Smith@company.com
2022-09-13 12:29:45,867:employee:Created Employee: Jane Doe - Jane.Doe@company.com
2022-09-13 12:29:47,342:employee:Created Employee: John Smith - John.Smith@company.com
2022-09-13 12:29:47,342:employee:Created Employee: Jane Doe - Jane.Doe@company.com
2022-09-13 12:29:48,895:employee:Created Employee: John Smith - John.Smith@company.com
2022-09-13 12:29:48,895:employee:Created Employee: Jane Doe - Jane.Doe@company.com
2022-09-13 12:29:50,772:employee:Created Employee: John Smith - John.Smith@company.com
2022-09-13 12:29:50,772:employee:Created Employee: Jane Doe - Jane.Doe@company.com
2022-09-13 12:29:53,620:employee:Created Employee: John Smith - John.Smith@company.com
2022-09-13 12:29:53,620:employee:Created Employee: Jane Doe - Jane.Doe@company.com
2022-09-13 12:29:55,496:employee:Created Employee: John Smith - John.Smith@company.com
2022-09-13 12:29:55,497:employee:Created Employee: Jane Doe - Jane.Doe@company.com
2022-09-13 12:29:56,907:employee:Created Employee: John Smith - John.Smith@company.com
2022-09-13 12:29:56,907:employee:Created Employee: Jane Doe - Jane.Doe@company.com
2022-09-13 12:30:03,237:employee:Created Employee: John Smith - John.Smith@company.com
2022-09-13 12:30:03,237:employee:Created Employee: Jane Doe - Jane.Doe@company.com
2022-09-13 12:30:06,105:employee:Created Employee: John Smith - John.Smith@company.com
2022-09-13 12:30:06,106:employee:Created Employee: Jane Doe - Jane.Doe@company.com
2022-09-13 12:30:09,012:employee:Created Employee: John Smith - John.Smith@company.com
2022-09-13 12:30:09,012:employee:Created Employee: Jane Doe - Jane.Doe@company.com
2022-09-13 12:30:13,632:employee:Created Employee: John Smith - John.Smith@company.com
2022-09-13 12:30:13,633:employee:Created Employee: Jane Doe - Jane.Doe@company.com
2022-09-13 12:30:17,472:employee:Created Employee: John Smith - John.Smith@company.com
2022-09-13 12:30:17,472:employee:Created Employee: Jane Doe - Jane.Doe@company.com
2022-09-13 12:30:18,938:employee:Created Employee: John Smith - John.Smith@company.com
2022-09-13 12:30:18,938:employee:Created Employee: Jane Doe - Jane.Doe@company.com
2022-09-13 12:30:21,073:employee:Created Employee: John Smith - John.Smith@company.com
2022-09-13 12:30:21,074:employee:Created Employee: Jane Doe - Jane.Doe@company.com
2022-09-13 12:30:26,386:employee:Created Employee: John Smith - John.Smith@company.com
2022-09-13 12:30:26,386:employee:Created Employee: Jane Doe - Jane.Doe@company.com
2022-09-13 12:30:30,095:employee:Created Employee: John Smith - John.Smith@company.com
2022-09-13 12:30:30,095:employee:Created Employee: Jane Doe - Jane.Doe@company.com
2022-09-13 12:30:32,905:employee:Created Employee: John Smith - John.Smith@company.com
2022-09-13 12:30:32,905:employee:Created Employee: Jane Doe - Jane.Doe@company.com
2022-09-13 12:30:34,467:employee:Created Employee: John Smith - John.Smith@company.com
2022-09-13 12:30:34,467:employee:Created Employee: Jane Doe - Jane.Doe@company.com
2022-09-13 12:30:36,649:employee:Created Employee: John Smith - John.Smith@company.com
2022-09-13 12:30:36,649:employee:Created Employee: Jane Doe - Jane.Doe@company.com
2022-09-13 12:30:38,022:employee:Created Employee: John Smith - John.Smith@company.com
2022-09-13 12:30:38,022:employee:Created Employee: Jane Doe - Jane.Doe@company.com
2022-09-13 12:30:39,771:employee:Created Employee: John Smith - John.Smith@company.com
2022-09-13 12:30:39,771:employee:Created Employee: Jane Doe - Jane.Doe@company.com
2022-09-13 12:30:43,151:employee:Created Employee: John Smith - John.Smith@company.com
2022-09-13 12:30:43,152:employee:Created Employee: Jane Doe - Jane.Doe@company.com
2022-09-13 12:30:44,524:employee:Created Employee: John Smith - John.Smith@company.com
2022-09-13 12:30:44,524:employee:Created Employee: Jane Doe - Jane.Doe@company.com
2022-09-13 12:30:53,541:employee:Created Employee: John Smith - John.Smith@company.com
2022-09-13 12:30:53,541:employee:Created Employee: Jane Doe - Jane.Doe@company.com
2022-09-13 12:30:56,933:employee:Created Employee: John Smith - John.Smith@company.com
2022-09-13 12:30:56,933:employee:Created Employee: Jane Doe - Jane.Doe@company.com
2022-09-13 12:31:00,621:employee:Created Employee: John Smith - John.Smith@company.com
2022-09-13 12:31:00,622:employee:Created Employee: Jane Doe - Jane.Doe@company.com
